{"/Users/mapaction/Kaicedra/MapActionApp/App.js": {"path":"/Users/mapaction/Kaicedra/MapActionApp/App.js","statementMap":{"0":{"start":{"line":10,"column":0},"end":{"line":10,"column":36}},"1":{"start":{"line":13,"column":29},"end":{"line":13,"column":58}},"2":{"start":{"line":15,"column":27},"end":{"line":20,"column":15}},"3":{"start":{"line":16,"column":4},"end":{"line":19,"column":5}},"4":{"start":{"line":18,"column":6},"end":{"line":18,"column":37}},"5":{"start":{"line":24,"column":2},"end":{"line":32,"column":3}},"6":{"start":{"line":25,"column":4},"end":{"line":25,"column":23}},"7":{"start":{"line":27,"column":4},"end":{"line":31,"column":6}},"8":{"start":{"line":34,"column":2},"end":{"line":40,"column":3}},"9":{"start":{"line":35,"column":4},"end":{"line":39,"column":6}},"10":{"start":{"line":42,"column":2},"end":{"line":46,"column":4}}},"fnMap":{"0":{"name":"App","decl":{"start":{"line":12,"column":24},"end":{"line":12,"column":27}},"loc":{"start":{"line":12,"column":30},"end":{"line":47,"column":1}},"line":12},"1":{"name":"(anonymous_1)","decl":{"start":{"line":15,"column":39},"end":{"line":15,"column":40}},"loc":{"start":{"line":15,"column":51},"end":{"line":20,"column":3}},"line":15}},"branchMap":{"0":{"loc":{"start":{"line":16,"column":4},"end":{"line":19,"column":5}},"type":"if","locations":[{"start":{"line":16,"column":4},"end":{"line":19,"column":5}},{"start":{},"end":{}}],"line":16},"1":{"loc":{"start":{"line":24,"column":2},"end":{"line":32,"column":3}},"type":"if","locations":[{"start":{"line":24,"column":2},"end":{"line":32,"column":3}},{"start":{},"end":{}}],"line":24},"2":{"loc":{"start":{"line":34,"column":2},"end":{"line":40,"column":3}},"type":"if","locations":[{"start":{"line":34,"column":2},"end":{"line":40,"column":3}},{"start":{},"end":{}}],"line":34}},"s":{"0":0,"1":0,"2":0,"3":0,"4":0,"5":0,"6":0,"7":0,"8":0,"9":0,"10":0},"f":{"0":0,"1":0},"b":{"0":[0,0],"1":[0,0],"2":[0,0]}}
,"/Users/mapaction/Kaicedra/MapActionApp/drizzle.config.js": {"path":"/Users/mapaction/Kaicedra/MapActionApp/drizzle.config.js","statementMap":{"0":{"start":{"line":2,"column":0},"end":{"line":7,"column":2}}},"fnMap":{},"branchMap":{},"s":{"0":0},"f":{},"b":{}}
,"/Users/mapaction/Kaicedra/MapActionApp/metro.config.js": {"path":"/Users/mapaction/Kaicedra/MapActionApp/metro.config.js","statementMap":{"0":{"start":{"line":1,"column":29},"end":{"line":1,"column":57}},"1":{"start":{"line":3,"column":15},"end":{"line":3,"column":42}},"2":{"start":{"line":4,"column":0},"end":{"line":4,"column":39}},"3":{"start":{"line":5,"column":0},"end":{"line":5,"column":24}}},"fnMap":{},"branchMap":{},"s":{"0":0,"1":0,"2":0,"3":0},"f":{},"b":{}}
,"/Users/mapaction/Kaicedra/MapActionApp/react-native.config.js": {"path":"/Users/mapaction/Kaicedra/MapActionApp/react-native.config.js","statementMap":{"0":{"start":{"line":1,"column":0},"end":{"line":3,"column":4}}},"fnMap":{},"branchMap":{},"s":{"0":0},"f":{},"b":{}}
,"/Users/mapaction/Kaicedra/MapActionApp/drizzle/migrations.js": {"path":"/Users/mapaction/Kaicedra/MapActionApp/drizzle/migrations.js","statementMap":{},"fnMap":{},"branchMap":{},"s":{},"f":{},"b":{}}
,"/Users/mapaction/Kaicedra/MapActionApp/src/MainApp.js": {"path":"/Users/mapaction/Kaicedra/MapActionApp/src/MainApp.js","statementMap":{"0":{"start":{"line":17,"column":14},"end":{"line":17,"column":70}},"1":{"start":{"line":20,"column":2},"end":{"line":22,"column":9}},"2":{"start":{"line":21,"column":4},"end":{"line":21,"column":29}},"3":{"start":{"line":24,"column":2},"end":{"line":38,"column":4}},"4":{"start":{"line":41,"column":15},"end":{"line":46,"column":2}}},"fnMap":{"0":{"name":"App","decl":{"start":{"line":19,"column":24},"end":{"line":19,"column":27}},"loc":{"start":{"line":19,"column":30},"end":{"line":39,"column":1}},"line":19},"1":{"name":"(anonymous_1)","decl":{"start":{"line":20,"column":12},"end":{"line":20,"column":13}},"loc":{"start":{"line":20,"column":18},"end":{"line":22,"column":3}},"line":20}},"branchMap":{},"s":{"0":0,"1":0,"2":0,"3":0,"4":0},"f":{"0":0,"1":0},"b":{}}
,"/Users/mapaction/Kaicedra/MapActionApp/src/api/auth.js": {"path":"/Users/mapaction/Kaicedra/MapActionApp/src/api/auth.js","statementMap":{"0":{"start":{"line":2,"column":21},"end":{"line":2,"column":39}},"1":{"start":{"line":4,"column":2},"end":{"line":12,"column":3}},"2":{"start":{"line":5,"column":21},"end":{"line":5,"column":49}},"3":{"start":{"line":6,"column":22},"end":{"line":6,"column":41}},"4":{"start":{"line":7,"column":4},"end":{"line":7,"column":42}},"5":{"start":{"line":8,"column":4},"end":{"line":8,"column":21}},"6":{"start":{"line":10,"column":4},"end":{"line":10,"column":75}},"7":{"start":{"line":11,"column":4},"end":{"line":11,"column":16}},"8":{"start":{"line":17,"column":2},"end":{"line":17,"column":85}},"9":{"start":{"line":18,"column":2},"end":{"line":49,"column":3}},"10":{"start":{"line":19,"column":19},"end":{"line":19,"column":33}},"11":{"start":{"line":20,"column":4},"end":{"line":32,"column":5}},"12":{"start":{"line":21,"column":18},"end":{"line":21,"column":35}},"13":{"start":{"line":22,"column":21},"end":{"line":22,"column":44}},"14":{"start":{"line":23,"column":19},"end":{"line":23,"column":42}},"15":{"start":{"line":24,"column":24},"end":{"line":24,"column":54}},"16":{"start":{"line":25,"column":6},"end":{"line":25,"column":29}},"17":{"start":{"line":26,"column":6},"end":{"line":26,"column":34}},"18":{"start":{"line":27,"column":6},"end":{"line":31,"column":9}},"19":{"start":{"line":34,"column":4},"end":{"line":36,"column":7}},"20":{"start":{"line":35,"column":6},"end":{"line":35,"column":34}},"21":{"start":{"line":37,"column":20},"end":{"line":42,"column":5}},"22":{"start":{"line":43,"column":4},"end":{"line":43,"column":53}},"23":{"start":{"line":44,"column":21},"end":{"line":44,"column":69}},"24":{"start":{"line":45,"column":4},"end":{"line":45,"column":38}},"25":{"start":{"line":46,"column":4},"end":{"line":46,"column":20}},"26":{"start":{"line":48,"column":4},"end":{"line":48,"column":16}},"27":{"start":{"line":53,"column":2},"end":{"line":61,"column":3}},"28":{"start":{"line":54,"column":4},"end":{"line":54,"column":48}},"29":{"start":{"line":55,"column":21},"end":{"line":55,"column":53}},"30":{"start":{"line":56,"column":4},"end":{"line":56,"column":53}},"31":{"start":{"line":57,"column":4},"end":{"line":57,"column":20}},"32":{"start":{"line":59,"column":4},"end":{"line":59,"column":55}},"33":{"start":{"line":60,"column":4},"end":{"line":60,"column":16}},"34":{"start":{"line":66,"column":2},"end":{"line":66,"column":48}},"35":{"start":{"line":69,"column":2},"end":{"line":69,"column":44}},"36":{"start":{"line":73,"column":2},"end":{"line":73,"column":55}},"37":{"start":{"line":76,"column":2},"end":{"line":76,"column":51}},"38":{"start":{"line":79,"column":2},"end":{"line":79,"column":45}},"39":{"start":{"line":82,"column":2},"end":{"line":82,"column":47}},"40":{"start":{"line":85,"column":2},"end":{"line":85,"column":44}}},"fnMap":{"0":{"name":"fetchCSRFToken","decl":{"start":{"line":3,"column":15},"end":{"line":3,"column":29}},"loc":{"start":{"line":3,"column":32},"end":{"line":13,"column":1}},"line":3},"1":{"name":"register","decl":{"start":{"line":16,"column":22},"end":{"line":16,"column":30}},"loc":{"start":{"line":16,"column":52},"end":{"line":50,"column":1}},"line":16},"2":{"name":"(anonymous_2)","decl":{"start":{"line":34,"column":26},"end":{"line":34,"column":27}},"loc":{"start":{"line":34,"column":33},"end":{"line":36,"column":5}},"line":34},"3":{"name":"login","decl":{"start":{"line":52,"column":22},"end":{"line":52,"column":27}},"loc":{"start":{"line":52,"column":34},"end":{"line":62,"column":1}},"line":52},"4":{"name":"verify_token","decl":{"start":{"line":65,"column":16},"end":{"line":65,"column":28}},"loc":{"start":{"line":65,"column":36},"end":{"line":67,"column":1}},"line":65},"5":{"name":"refresh_token","decl":{"start":{"line":68,"column":16},"end":{"line":68,"column":29}},"loc":{"start":{"line":68,"column":36},"end":{"line":70,"column":1}},"line":68},"6":{"name":"get_token","decl":{"start":{"line":72,"column":16},"end":{"line":72,"column":25}},"loc":{"start":{"line":72,"column":43},"end":{"line":74,"column":1}},"line":72},"7":{"name":"getTokenByEmail","decl":{"start":{"line":75,"column":16},"end":{"line":75,"column":31}},"loc":{"start":{"line":75,"column":39},"end":{"line":77,"column":1}},"line":75},"8":{"name":"login_with_google","decl":{"start":{"line":78,"column":16},"end":{"line":78,"column":33}},"loc":{"start":{"line":78,"column":39},"end":{"line":80,"column":1}},"line":78},"9":{"name":"login_with_facebook","decl":{"start":{"line":81,"column":16},"end":{"line":81,"column":35}},"loc":{"start":{"line":81,"column":41},"end":{"line":83,"column":1}},"line":81},"10":{"name":"login_with_apple","decl":{"start":{"line":84,"column":16},"end":{"line":84,"column":32}},"loc":{"start":{"line":84,"column":38},"end":{"line":86,"column":1}},"line":84}},"branchMap":{"0":{"loc":{"start":{"line":20,"column":4},"end":{"line":32,"column":5}},"type":"if","locations":[{"start":{"line":20,"column":4},"end":{"line":32,"column":5}},{"start":{},"end":{}}],"line":20},"1":{"loc":{"start":{"line":24,"column":24},"end":{"line":24,"column":54}},"type":"cond-expr","locations":[{"start":{"line":24,"column":42},"end":{"line":24,"column":47}},{"start":{"line":24,"column":50},"end":{"line":24,"column":54}}],"line":24}},"s":{"0":0,"1":0,"2":0,"3":0,"4":0,"5":0,"6":0,"7":0,"8":0,"9":0,"10":0,"11":0,"12":0,"13":0,"14":0,"15":0,"16":0,"17":0,"18":0,"19":0,"20":0,"21":0,"22":0,"23":0,"24":0,"25":0,"26":0,"27":0,"28":0,"29":0,"30":0,"31":0,"32":0,"33":0,"34":0,"35":0,"36":0,"37":0,"38":0,"39":0,"40":0},"f":{"0":0,"1":0,"2":0,"3":0,"4":0,"5":0,"6":0,"7":0,"8":0,"9":0,"10":0},"b":{"0":[0,0],"1":[0,0]}}
,"/Users/mapaction/Kaicedra/MapActionApp/src/api/challenge.js": {"path":"/Users/mapaction/Kaicedra/MapActionApp/src/api/challenge.js","statementMap":{"0":{"start":{"line":4,"column":17},"end":{"line":4,"column":31}},"1":{"start":{"line":5,"column":2},"end":{"line":14,"column":3}},"2":{"start":{"line":6,"column":16},"end":{"line":6,"column":32}},"3":{"start":{"line":7,"column":19},"end":{"line":7,"column":42}},"4":{"start":{"line":8,"column":4},"end":{"line":8,"column":32}},"5":{"start":{"line":9,"column":4},"end":{"line":13,"column":7}},"6":{"start":{"line":15,"column":2},"end":{"line":24,"column":3}},"7":{"start":{"line":16,"column":16},"end":{"line":16,"column":32}},"8":{"start":{"line":17,"column":19},"end":{"line":17,"column":42}},"9":{"start":{"line":18,"column":4},"end":{"line":18,"column":32}},"10":{"start":{"line":19,"column":4},"end":{"line":23,"column":7}},"11":{"start":{"line":25,"column":2},"end":{"line":27,"column":5}},"12":{"start":{"line":26,"column":4},"end":{"line":26,"column":32}},"13":{"start":{"line":28,"column":2},"end":{"line":33,"column":4}},"14":{"start":{"line":32,"column":51},"end":{"line":32,"column":55}},"15":{"start":{"line":38,"column":22},"end":{"line":38,"column":47}},"16":{"start":{"line":39,"column":2},"end":{"line":39,"column":40}},"17":{"start":{"line":40,"column":18},"end":{"line":40,"column":68}},"18":{"start":{"line":40,"column":56},"end":{"line":40,"column":65}},"19":{"start":{"line":41,"column":16},"end":{"line":41,"column":73}},"20":{"start":{"line":41,"column":50},"end":{"line":41,"column":72}},"21":{"start":{"line":42,"column":23},"end":{"line":42,"column":47}},"22":{"start":{"line":43,"column":20},"end":{"line":43,"column":22}},"23":{"start":{"line":44,"column":2},"end":{"line":53,"column":5}},"24":{"start":{"line":45,"column":4},"end":{"line":45,"column":26}},"25":{"start":{"line":46,"column":4},"end":{"line":46,"column":61}},"26":{"start":{"line":46,"column":33},"end":{"line":46,"column":53}},"27":{"start":{"line":47,"column":4},"end":{"line":51,"column":5}},"28":{"start":{"line":48,"column":6},"end":{"line":50,"column":7}},"29":{"start":{"line":49,"column":8},"end":{"line":49,"column":33}},"30":{"start":{"line":52,"column":4},"end":{"line":52,"column":24}},"31":{"start":{"line":54,"column":2},"end":{"line":54,"column":19}},"32":{"start":{"line":58,"column":2},"end":{"line":58,"column":63}},"33":{"start":{"line":61,"column":2},"end":{"line":61,"column":49}},"34":{"start":{"line":64,"column":22},"end":{"line":64,"column":53}},"35":{"start":{"line":65,"column":2},"end":{"line":65,"column":17}},"36":{"start":{"line":68,"column":15},"end":{"line":68,"column":17}},"37":{"start":{"line":70,"column":4},"end":{"line":70,"column":68}},"38":{"start":{"line":71,"column":25},"end":{"line":71,"column":42}},"39":{"start":{"line":72,"column":2},"end":{"line":74,"column":3}},"40":{"start":{"line":72,"column":15},"end":{"line":72,"column":16}},"41":{"start":{"line":73,"column":4},"end":{"line":73,"column":78}},"42":{"start":{"line":75,"column":2},"end":{"line":75,"column":16}}},"fnMap":{"0":{"name":"create_challenge","decl":{"start":{"line":3,"column":16},"end":{"line":3,"column":32}},"loc":{"start":{"line":3,"column":76},"end":{"line":34,"column":1}},"line":3},"1":{"name":"(anonymous_1)","decl":{"start":{"line":25,"column":24},"end":{"line":25,"column":25}},"loc":{"start":{"line":25,"column":31},"end":{"line":27,"column":3}},"line":25},"2":{"name":"(anonymous_2)","decl":{"start":{"line":32,"column":45},"end":{"line":32,"column":46}},"loc":{"start":{"line":32,"column":51},"end":{"line":32,"column":55}},"line":32},"3":{"name":"list_challenge","decl":{"start":{"line":36,"column":22},"end":{"line":36,"column":36}},"loc":{"start":{"line":36,"column":39},"end":{"line":55,"column":1}},"line":36},"4":{"name":"(anonymous_4)","decl":{"start":{"line":40,"column":49},"end":{"line":40,"column":50}},"loc":{"start":{"line":40,"column":56},"end":{"line":40,"column":65}},"line":40},"5":{"name":"(anonymous_5)","decl":{"start":{"line":41,"column":43},"end":{"line":41,"column":44}},"loc":{"start":{"line":41,"column":50},"end":{"line":41,"column":72}},"line":41},"6":{"name":"(anonymous_6)","decl":{"start":{"line":44,"column":18},"end":{"line":44,"column":19}},"loc":{"start":{"line":44,"column":27},"end":{"line":53,"column":3}},"line":44},"7":{"name":"(anonymous_7)","decl":{"start":{"line":46,"column":26},"end":{"line":46,"column":27}},"loc":{"start":{"line":46,"column":33},"end":{"line":46,"column":53}},"line":46},"8":{"name":"participate","decl":{"start":{"line":57,"column":16},"end":{"line":57,"column":27}},"loc":{"start":{"line":57,"column":51},"end":{"line":59,"column":1}},"line":57},"9":{"name":"un_participate","decl":{"start":{"line":60,"column":16},"end":{"line":60,"column":30}},"loc":{"start":{"line":60,"column":35},"end":{"line":62,"column":1}},"line":60},"10":{"name":"list_participate","decl":{"start":{"line":63,"column":22},"end":{"line":63,"column":38}},"loc":{"start":{"line":63,"column":41},"end":{"line":66,"column":1}},"line":63},"11":{"name":"makeid","decl":{"start":{"line":67,"column":16},"end":{"line":67,"column":22}},"loc":{"start":{"line":67,"column":31},"end":{"line":76,"column":1}},"line":67}},"branchMap":{"0":{"loc":{"start":{"line":5,"column":2},"end":{"line":14,"column":3}},"type":"if","locations":[{"start":{"line":5,"column":2},"end":{"line":14,"column":3}},{"start":{},"end":{}}],"line":5},"1":{"loc":{"start":{"line":15,"column":2},"end":{"line":24,"column":3}},"type":"if","locations":[{"start":{"line":15,"column":2},"end":{"line":24,"column":3}},{"start":{},"end":{}}],"line":15},"2":{"loc":{"start":{"line":32,"column":4},"end":{"line":32,"column":55}},"type":"cond-expr","locations":[{"start":{"line":32,"column":28},"end":{"line":32,"column":42}},{"start":{"line":32,"column":45},"end":{"line":32,"column":55}}],"line":32},"3":{"loc":{"start":{"line":32,"column":4},"end":{"line":32,"column":25}},"type":"binary-expr","locations":[{"start":{"line":32,"column":4},"end":{"line":32,"column":9}},{"start":{"line":32,"column":13},"end":{"line":32,"column":25}}],"line":32},"4":{"loc":{"start":{"line":46,"column":15},"end":{"line":46,"column":60}},"type":"binary-expr","locations":[{"start":{"line":46,"column":15},"end":{"line":46,"column":54}},{"start":{"line":46,"column":58},"end":{"line":46,"column":60}}],"line":46},"5":{"loc":{"start":{"line":48,"column":6},"end":{"line":50,"column":7}},"type":"if","locations":[{"start":{"line":48,"column":6},"end":{"line":50,"column":7}},{"start":{},"end":{}}],"line":48}},"s":{"0":0,"1":0,"2":0,"3":0,"4":0,"5":0,"6":0,"7":0,"8":0,"9":0,"10":0,"11":0,"12":0,"13":0,"14":0,"15":0,"16":0,"17":0,"18":0,"19":0,"20":0,"21":0,"22":0,"23":0,"24":0,"25":0,"26":0,"27":0,"28":0,"29":0,"30":0,"31":0,"32":0,"33":0,"34":0,"35":0,"36":0,"37":0,"38":0,"39":0,"40":0,"41":0,"42":0},"f":{"0":0,"1":0,"2":0,"3":0,"4":0,"5":0,"6":0,"7":0,"8":0,"9":0,"10":0,"11":0},"b":{"0":[0,0],"1":[0,0],"2":[0,0],"3":[0,0],"4":[0,0],"5":[0,0]}}
,"/Users/mapaction/Kaicedra/MapActionApp/src/api/communaute.js": {"path":"/Users/mapaction/Kaicedra/MapActionApp/src/api/communaute.js","statementMap":{"0":{"start":{"line":3,"column":2},"end":{"line":3,"column":40}},"1":{"start":{"line":8,"column":22},"end":{"line":8,"column":51}},"2":{"start":{"line":10,"column":2},"end":{"line":10,"column":17}}},"fnMap":{"0":{"name":"create_communaute","decl":{"start":{"line":2,"column":16},"end":{"line":2,"column":33}},"loc":{"start":{"line":2,"column":40},"end":{"line":5,"column":1}},"line":2},"1":{"name":"list_communaute","decl":{"start":{"line":7,"column":22},"end":{"line":7,"column":37}},"loc":{"start":{"line":7,"column":40},"end":{"line":11,"column":1}},"line":7}},"branchMap":{},"s":{"0":0,"1":0,"2":0},"f":{"0":0,"1":0},"b":{}}
,"/Users/mapaction/Kaicedra/MapActionApp/src/api/http.js": {"path":"/Users/mapaction/Kaicedra/MapActionApp/src/api/http.js","statementMap":{"0":{"start":{"line":6,"column":22},"end":{"line":6,"column":45}},"1":{"start":{"line":7,"column":24},"end":{"line":7,"column":63}},"2":{"start":{"line":8,"column":20},"end":{"line":8,"column":38}},"3":{"start":{"line":11,"column":14},"end":{"line":15,"column":2}},"4":{"start":{"line":18,"column":32},"end":{"line":18,"column":64}},"5":{"start":{"line":19,"column":0},"end":{"line":45,"column":3}},"6":{"start":{"line":20,"column":2},"end":{"line":20,"column":40}},"7":{"start":{"line":21,"column":17},"end":{"line":21,"column":48}},"8":{"start":{"line":23,"column":2},"end":{"line":43,"column":3}},"9":{"start":{"line":24,"column":4},"end":{"line":42,"column":5}},"10":{"start":{"line":25,"column":19},"end":{"line":25,"column":38}},"11":{"start":{"line":26,"column":6},"end":{"line":26,"column":35}},"12":{"start":{"line":27,"column":6},"end":{"line":33,"column":7}},"13":{"start":{"line":28,"column":33},"end":{"line":28,"column":44}},"14":{"start":{"line":29,"column":29},"end":{"line":29,"column":78}},"15":{"start":{"line":30,"column":8},"end":{"line":30,"column":58}},"16":{"start":{"line":32,"column":8},"end":{"line":32,"column":87}},"17":{"start":{"line":34,"column":11},"end":{"line":42,"column":5}},"18":{"start":{"line":35,"column":19},"end":{"line":35,"column":38}},"19":{"start":{"line":36,"column":6},"end":{"line":38,"column":7}},"20":{"start":{"line":39,"column":6},"end":{"line":39,"column":34}},"21":{"start":{"line":41,"column":6},"end":{"line":41,"column":69}},"22":{"start":{"line":44,"column":2},"end":{"line":44,"column":31}},"23":{"start":{"line":48,"column":2},"end":{"line":48,"column":13}},"24":{"start":{"line":52,"column":14},"end":{"line":52,"column":39}},"25":{"start":{"line":53,"column":2},"end":{"line":53,"column":61}},"26":{"start":{"line":53,"column":51},"end":{"line":53,"column":59}},"27":{"start":{"line":57,"column":14},"end":{"line":57,"column":39}},"28":{"start":{"line":58,"column":2},"end":{"line":58,"column":68}},"29":{"start":{"line":58,"column":58},"end":{"line":58,"column":66}},"30":{"start":{"line":61,"column":14},"end":{"line":61,"column":39}},"31":{"start":{"line":62,"column":2},"end":{"line":62,"column":67}},"32":{"start":{"line":62,"column":57},"end":{"line":62,"column":65}},"33":{"start":{"line":65,"column":14},"end":{"line":65,"column":39}},"34":{"start":{"line":66,"column":2},"end":{"line":66,"column":64}},"35":{"start":{"line":66,"column":54},"end":{"line":66,"column":62}},"36":{"start":{"line":69,"column":2},"end":{"line":69,"column":45}},"37":{"start":{"line":69,"column":24},"end":{"line":69,"column":45}},"38":{"start":{"line":70,"column":2},"end":{"line":71,"column":57}},"39":{"start":{"line":71,"column":4},"end":{"line":71,"column":57}},"40":{"start":{"line":72,"column":2},"end":{"line":77,"column":3}},"41":{"start":{"line":73,"column":22},"end":{"line":73,"column":37}},"42":{"start":{"line":74,"column":4},"end":{"line":76,"column":5}},"43":{"start":{"line":75,"column":6},"end":{"line":75,"column":59}},"44":{"start":{"line":78,"column":2},"end":{"line":78,"column":26}},"45":{"start":{"line":79,"column":2},"end":{"line":79,"column":17}},"46":{"start":{"line":83,"column":2},"end":{"line":93,"column":3}},"47":{"start":{"line":84,"column":4},"end":{"line":92,"column":5}},"48":{"start":{"line":85,"column":6},"end":{"line":89,"column":7}},"49":{"start":{"line":86,"column":8},"end":{"line":86,"column":56}},"50":{"start":{"line":88,"column":8},"end":{"line":88,"column":37}},"51":{"start":{"line":91,"column":6},"end":{"line":91,"column":35}},"52":{"start":{"line":94,"column":2},"end":{"line":96,"column":47}},"53":{"start":{"line":100,"column":17},"end":{"line":110,"column":3}},"54":{"start":{"line":102,"column":29},"end":{"line":104,"column":7}},"55":{"start":{"line":105,"column":6},"end":{"line":105,"column":41}},"56":{"start":{"line":112,"column":2},"end":{"line":112,"column":35}},"57":{"start":{"line":116,"column":15},"end":{"line":116,"column":17}},"58":{"start":{"line":118,"column":4},"end":{"line":118,"column":68}},"59":{"start":{"line":119,"column":25},"end":{"line":119,"column":42}},"60":{"start":{"line":120,"column":2},"end":{"line":122,"column":3}},"61":{"start":{"line":120,"column":15},"end":{"line":120,"column":16}},"62":{"start":{"line":121,"column":4},"end":{"line":121,"column":78}},"63":{"start":{"line":123,"column":2},"end":{"line":123,"column":16}}},"fnMap":{"0":{"name":"(anonymous_0)","decl":{"start":{"line":19,"column":38},"end":{"line":19,"column":39}},"loc":{"start":{"line":19,"column":49},"end":{"line":45,"column":1}},"line":19},"1":{"name":"getUrl","decl":{"start":{"line":47,"column":9},"end":{"line":47,"column":15}},"loc":{"start":{"line":47,"column":21},"end":{"line":49,"column":1}},"line":47},"2":{"name":"get","decl":{"start":{"line":51,"column":15},"end":{"line":51,"column":18}},"loc":{"start":{"line":51,"column":38},"end":{"line":54,"column":1}},"line":51},"3":{"name":"(anonymous_3)","decl":{"start":{"line":53,"column":42},"end":{"line":53,"column":43}},"loc":{"start":{"line":53,"column":51},"end":{"line":53,"column":59}},"line":53},"4":{"name":"post","decl":{"start":{"line":56,"column":15},"end":{"line":56,"column":19}},"loc":{"start":{"line":56,"column":45},"end":{"line":59,"column":1}},"line":56},"5":{"name":"(anonymous_5)","decl":{"start":{"line":58,"column":49},"end":{"line":58,"column":50}},"loc":{"start":{"line":58,"column":58},"end":{"line":58,"column":66}},"line":58},"6":{"name":"put","decl":{"start":{"line":60,"column":15},"end":{"line":60,"column":18}},"loc":{"start":{"line":60,"column":44},"end":{"line":63,"column":1}},"line":60},"7":{"name":"(anonymous_7)","decl":{"start":{"line":62,"column":48},"end":{"line":62,"column":49}},"loc":{"start":{"line":62,"column":57},"end":{"line":62,"column":65}},"line":62},"8":{"name":"deleteItem","decl":{"start":{"line":64,"column":15},"end":{"line":64,"column":25}},"loc":{"start":{"line":64,"column":45},"end":{"line":67,"column":1}},"line":64},"9":{"name":"(anonymous_9)","decl":{"start":{"line":66,"column":45},"end":{"line":66,"column":46}},"loc":{"start":{"line":66,"column":54},"end":{"line":66,"column":62}},"line":66},"10":{"name":"getOptions","decl":{"start":{"line":68,"column":15},"end":{"line":68,"column":25}},"loc":{"start":{"line":68,"column":35},"end":{"line":80,"column":1}},"line":68},"11":{"name":"getImage","decl":{"start":{"line":82,"column":16},"end":{"line":82,"column":24}},"loc":{"start":{"line":82,"column":44},"end":{"line":97,"column":1}},"line":82},"12":{"name":"upload","decl":{"start":{"line":99,"column":9},"end":{"line":99,"column":15}},"loc":{"start":{"line":99,"column":47},"end":{"line":113,"column":1}},"line":99},"13":{"name":"(anonymous_13)","decl":{"start":{"line":101,"column":22},"end":{"line":101,"column":23}},"loc":{"start":{"line":101,"column":47},"end":{"line":106,"column":5}},"line":101},"14":{"name":"makeid","decl":{"start":{"line":115,"column":16},"end":{"line":115,"column":22}},"loc":{"start":{"line":115,"column":31},"end":{"line":124,"column":1}},"line":115}},"branchMap":{"0":{"loc":{"start":{"line":21,"column":17},"end":{"line":21,"column":48}},"type":"binary-expr","locations":[{"start":{"line":21,"column":17},"end":{"line":21,"column":40}},{"start":{"line":21,"column":44},"end":{"line":21,"column":48}}],"line":21},"1":{"loc":{"start":{"line":23,"column":2},"end":{"line":43,"column":3}},"type":"if","locations":[{"start":{"line":23,"column":2},"end":{"line":43,"column":3}},{"start":{},"end":{}}],"line":23},"2":{"loc":{"start":{"line":23,"column":6},"end":{"line":23,"column":48}},"type":"binary-expr","locations":[{"start":{"line":23,"column":6},"end":{"line":23,"column":12}},{"start":{"line":23,"column":16},"end":{"line":23,"column":48}}],"line":23},"3":{"loc":{"start":{"line":23,"column":18},"end":{"line":23,"column":47}},"type":"binary-expr","locations":[{"start":{"line":23,"column":18},"end":{"line":23,"column":31}},{"start":{"line":23,"column":35},"end":{"line":23,"column":47}}],"line":23},"4":{"loc":{"start":{"line":24,"column":4},"end":{"line":42,"column":5}},"type":"if","locations":[{"start":{"line":24,"column":4},"end":{"line":42,"column":5}},{"start":{"line":34,"column":11},"end":{"line":42,"column":5}}],"line":24},"5":{"loc":{"start":{"line":27,"column":6},"end":{"line":33,"column":7}},"type":"if","locations":[{"start":{"line":27,"column":6},"end":{"line":33,"column":7}},{"start":{"line":31,"column":13},"end":{"line":33,"column":7}}],"line":27},"6":{"loc":{"start":{"line":27,"column":10},"end":{"line":27,"column":29}},"type":"binary-expr","locations":[{"start":{"line":27,"column":10},"end":{"line":27,"column":14}},{"start":{"line":27,"column":18},"end":{"line":27,"column":29}}],"line":27},"7":{"loc":{"start":{"line":34,"column":11},"end":{"line":42,"column":5}},"type":"if","locations":[{"start":{"line":34,"column":11},"end":{"line":42,"column":5}},{"start":{"line":40,"column":11},"end":{"line":42,"column":5}}],"line":34},"8":{"loc":{"start":{"line":34,"column":15},"end":{"line":34,"column":44}},"type":"binary-expr","locations":[{"start":{"line":34,"column":15},"end":{"line":34,"column":28}},{"start":{"line":34,"column":32},"end":{"line":34,"column":44}}],"line":34},"9":{"loc":{"start":{"line":36,"column":6},"end":{"line":38,"column":7}},"type":"if","locations":[{"start":{"line":36,"column":6},"end":{"line":38,"column":7}},{"start":{},"end":{}}],"line":36},"10":{"loc":{"start":{"line":51,"column":24},"end":{"line":51,"column":36}},"type":"default-arg","locations":[{"start":{"line":51,"column":34},"end":{"line":51,"column":36}}],"line":51},"11":{"loc":{"start":{"line":56,"column":31},"end":{"line":56,"column":43}},"type":"default-arg","locations":[{"start":{"line":56,"column":41},"end":{"line":56,"column":43}}],"line":56},"12":{"loc":{"start":{"line":60,"column":30},"end":{"line":60,"column":42}},"type":"default-arg","locations":[{"start":{"line":60,"column":40},"end":{"line":60,"column":42}}],"line":60},"13":{"loc":{"start":{"line":64,"column":31},"end":{"line":64,"column":43}},"type":"default-arg","locations":[{"start":{"line":64,"column":41},"end":{"line":64,"column":43}}],"line":64},"14":{"loc":{"start":{"line":69,"column":2},"end":{"line":69,"column":45}},"type":"if","locations":[{"start":{"line":69,"column":2},"end":{"line":69,"column":45}},{"start":{},"end":{}}],"line":69},"15":{"loc":{"start":{"line":70,"column":2},"end":{"line":71,"column":57}},"type":"if","locations":[{"start":{"line":70,"column":2},"end":{"line":71,"column":57}},{"start":{},"end":{}}],"line":70},"16":{"loc":{"start":{"line":72,"column":2},"end":{"line":77,"column":3}},"type":"if","locations":[{"start":{"line":72,"column":2},"end":{"line":77,"column":3}},{"start":{},"end":{}}],"line":72},"17":{"loc":{"start":{"line":74,"column":4},"end":{"line":76,"column":5}},"type":"if","locations":[{"start":{"line":74,"column":4},"end":{"line":76,"column":5}},{"start":{},"end":{}}],"line":74},"18":{"loc":{"start":{"line":82,"column":30},"end":{"line":82,"column":42}},"type":"default-arg","locations":[{"start":{"line":82,"column":37},"end":{"line":82,"column":42}}],"line":82},"19":{"loc":{"start":{"line":83,"column":2},"end":{"line":93,"column":3}},"type":"if","locations":[{"start":{"line":83,"column":2},"end":{"line":93,"column":3}},{"start":{},"end":{}}],"line":83},"20":{"loc":{"start":{"line":84,"column":4},"end":{"line":92,"column":5}},"type":"if","locations":[{"start":{"line":84,"column":4},"end":{"line":92,"column":5}},{"start":{"line":90,"column":11},"end":{"line":92,"column":5}}],"line":84},"21":{"loc":{"start":{"line":85,"column":6},"end":{"line":89,"column":7}},"type":"if","locations":[{"start":{"line":85,"column":6},"end":{"line":89,"column":7}},{"start":{"line":87,"column":11},"end":{"line":89,"column":7}}],"line":85},"22":{"loc":{"start":{"line":94,"column":9},"end":{"line":96,"column":46}},"type":"cond-expr","locations":[{"start":{"line":95,"column":6},"end":{"line":95,"column":46}},{"start":{"line":96,"column":6},"end":{"line":96,"column":46}}],"line":94}},"s":{"0":0,"1":0,"2":0,"3":0,"4":0,"5":0,"6":0,"7":0,"8":0,"9":0,"10":0,"11":0,"12":0,"13":0,"14":0,"15":0,"16":0,"17":0,"18":0,"19":0,"20":0,"21":0,"22":0,"23":0,"24":0,"25":0,"26":0,"27":0,"28":0,"29":0,"30":0,"31":0,"32":0,"33":0,"34":0,"35":0,"36":0,"37":0,"38":0,"39":0,"40":0,"41":0,"42":0,"43":0,"44":0,"45":0,"46":0,"47":0,"48":0,"49":0,"50":0,"51":0,"52":0,"53":0,"54":0,"55":0,"56":0,"57":0,"58":0,"59":0,"60":0,"61":0,"62":0,"63":0},"f":{"0":0,"1":0,"2":0,"3":0,"4":0,"5":0,"6":0,"7":0,"8":0,"9":0,"10":0,"11":0,"12":0,"13":0,"14":0},"b":{"0":[0,0],"1":[0,0],"2":[0,0],"3":[0,0],"4":[0,0],"5":[0,0],"6":[0,0],"7":[0,0],"8":[0,0],"9":[0,0],"10":[0],"11":[0],"12":[0],"13":[0],"14":[0,0],"15":[0,0],"16":[0,0],"17":[0,0],"18":[0],"19":[0,0],"20":[0,0],"21":[0,0],"22":[0,0]}}
,"/Users/mapaction/Kaicedra/MapActionApp/src/api/incident.js": {"path":"/Users/mapaction/Kaicedra/MapActionApp/src/api/incident.js","statementMap":{"0":{"start":{"line":8,"column":17},"end":{"line":8,"column":31}},"1":{"start":{"line":9,"column":2},"end":{"line":18,"column":3}},"2":{"start":{"line":10,"column":16},"end":{"line":10,"column":32}},"3":{"start":{"line":11,"column":19},"end":{"line":11,"column":42}},"4":{"start":{"line":12,"column":4},"end":{"line":12,"column":32}},"5":{"start":{"line":13,"column":4},"end":{"line":17,"column":7}},"6":{"start":{"line":19,"column":2},"end":{"line":28,"column":3}},"7":{"start":{"line":20,"column":16},"end":{"line":20,"column":32}},"8":{"start":{"line":21,"column":19},"end":{"line":21,"column":42}},"9":{"start":{"line":22,"column":4},"end":{"line":22,"column":32}},"10":{"start":{"line":23,"column":4},"end":{"line":27,"column":7}},"11":{"start":{"line":29,"column":2},"end":{"line":38,"column":3}},"12":{"start":{"line":30,"column":16},"end":{"line":30,"column":32}},"13":{"start":{"line":31,"column":19},"end":{"line":31,"column":42}},"14":{"start":{"line":32,"column":4},"end":{"line":32,"column":32}},"15":{"start":{"line":33,"column":4},"end":{"line":37,"column":7}},"16":{"start":{"line":39,"column":2},"end":{"line":41,"column":5}},"17":{"start":{"line":40,"column":4},"end":{"line":40,"column":32}},"18":{"start":{"line":43,"column":2},"end":{"line":43,"column":36}},"19":{"start":{"line":45,"column":2},"end":{"line":45,"column":63}},"20":{"start":{"line":49,"column":2},"end":{"line":49,"column":49}},"21":{"start":{"line":53,"column":14},"end":{"line":53,"column":42}},"22":{"start":{"line":55,"column":31},"end":{"line":55,"column":34}},"23":{"start":{"line":56,"column":2},"end":{"line":56,"column":20}},"24":{"start":{"line":57,"column":20},"end":{"line":57,"column":22}},"25":{"start":{"line":58,"column":2},"end":{"line":68,"column":5}},"26":{"start":{"line":59,"column":4},"end":{"line":65,"column":5}},"27":{"start":{"line":60,"column":6},"end":{"line":60,"column":29}},"28":{"start":{"line":61,"column":6},"end":{"line":61,"column":32}},"29":{"start":{"line":62,"column":6},"end":{"line":62,"column":26}},"30":{"start":{"line":64,"column":6},"end":{"line":64,"column":43}},"31":{"start":{"line":67,"column":4},"end":{"line":67,"column":15}},"32":{"start":{"line":70,"column":2},"end":{"line":70,"column":19}},"33":{"start":{"line":74,"column":22},"end":{"line":74,"column":50}},"34":{"start":{"line":76,"column":2},"end":{"line":76,"column":17}},"35":{"start":{"line":80,"column":22},"end":{"line":80,"column":46}},"36":{"start":{"line":82,"column":2},"end":{"line":82,"column":17}}},"fnMap":{"0":{"name":"create_incident","decl":{"start":{"line":4,"column":22},"end":{"line":4,"column":37}},"loc":{"start":{"line":7,"column":2},"end":{"line":46,"column":1}},"line":7},"1":{"name":"(anonymous_1)","decl":{"start":{"line":39,"column":24},"end":{"line":39,"column":25}},"loc":{"start":{"line":39,"column":31},"end":{"line":41,"column":3}},"line":39},"2":{"name":"update_incident","decl":{"start":{"line":48,"column":16},"end":{"line":48,"column":31}},"loc":{"start":{"line":48,"column":42},"end":{"line":50,"column":1}},"line":48},"3":{"name":"list_incident","decl":{"start":{"line":52,"column":22},"end":{"line":52,"column":35}},"loc":{"start":{"line":52,"column":38},"end":{"line":71,"column":1}},"line":52},"4":{"name":"(anonymous_4)","decl":{"start":{"line":58,"column":14},"end":{"line":58,"column":15}},"loc":{"start":{"line":58,"column":23},"end":{"line":68,"column":3}},"line":58},"5":{"name":"list_categories","decl":{"start":{"line":73,"column":22},"end":{"line":73,"column":37}},"loc":{"start":{"line":73,"column":40},"end":{"line":77,"column":1}},"line":73},"6":{"name":"list_zone","decl":{"start":{"line":79,"column":22},"end":{"line":79,"column":31}},"loc":{"start":{"line":79,"column":34},"end":{"line":83,"column":1}},"line":79}},"branchMap":{"0":{"loc":{"start":{"line":9,"column":2},"end":{"line":18,"column":3}},"type":"if","locations":[{"start":{"line":9,"column":2},"end":{"line":18,"column":3}},{"start":{},"end":{}}],"line":9},"1":{"loc":{"start":{"line":19,"column":2},"end":{"line":28,"column":3}},"type":"if","locations":[{"start":{"line":19,"column":2},"end":{"line":28,"column":3}},{"start":{},"end":{}}],"line":19},"2":{"loc":{"start":{"line":29,"column":2},"end":{"line":38,"column":3}},"type":"if","locations":[{"start":{"line":29,"column":2},"end":{"line":38,"column":3}},{"start":{},"end":{}}],"line":29},"3":{"loc":{"start":{"line":59,"column":4},"end":{"line":65,"column":5}},"type":"if","locations":[{"start":{"line":59,"column":4},"end":{"line":65,"column":5}},{"start":{"line":63,"column":11},"end":{"line":65,"column":5}}],"line":59}},"s":{"0":0,"1":0,"2":0,"3":0,"4":0,"5":0,"6":0,"7":0,"8":0,"9":0,"10":0,"11":0,"12":0,"13":0,"14":0,"15":0,"16":0,"17":0,"18":0,"19":0,"20":0,"21":0,"22":0,"23":0,"24":0,"25":0,"26":0,"27":0,"28":0,"29":0,"30":0,"31":0,"32":0,"33":0,"34":0,"35":0,"36":0},"f":{"0":0,"1":0,"2":0,"3":0,"4":0,"5":0,"6":0},"b":{"0":[0,0],"1":[0,0],"2":[0,0],"3":[0,0]}}
,"/Users/mapaction/Kaicedra/MapActionApp/src/api/message.js": {"path":"/Users/mapaction/Kaicedra/MapActionApp/src/api/message.js","statementMap":{"0":{"start":{"line":5,"column":2},"end":{"line":5,"column":38}},"1":{"start":{"line":13,"column":14},"end":{"line":13,"column":57}},"2":{"start":{"line":14,"column":2},"end":{"line":14,"column":13}},"3":{"start":{"line":18,"column":14},"end":{"line":18,"column":57}},"4":{"start":{"line":19,"column":2},"end":{"line":19,"column":13}}},"fnMap":{"0":{"name":"create_message","decl":{"start":{"line":4,"column":16},"end":{"line":4,"column":30}},"loc":{"start":{"line":4,"column":37},"end":{"line":6,"column":1}},"line":4},"1":{"name":"list_messages","decl":{"start":{"line":12,"column":22},"end":{"line":12,"column":35}},"loc":{"start":{"line":12,"column":40},"end":{"line":15,"column":1}},"line":12},"2":{"name":"responsebymessage","decl":{"start":{"line":17,"column":22},"end":{"line":17,"column":39}},"loc":{"start":{"line":17,"column":44},"end":{"line":20,"column":1}},"line":17}},"branchMap":{},"s":{"0":0,"1":0,"2":0,"3":0,"4":0},"f":{"0":0,"1":0,"2":0},"b":{}}
,"/Users/mapaction/Kaicedra/MapActionApp/src/api/user.js": {"path":"/Users/mapaction/Kaicedra/MapActionApp/src/api/user.js","statementMap":{"0":{"start":{"line":4,"column":18},"end":{"line":11,"column":3}},"1":{"start":{"line":5,"column":30},"end":{"line":5,"column":51}},"2":{"start":{"line":6,"column":4},"end":{"line":9,"column":5}},"3":{"start":{"line":7,"column":18},"end":{"line":7,"column":37}},"4":{"start":{"line":8,"column":6},"end":{"line":8,"column":34}},"5":{"start":{"line":10,"column":4},"end":{"line":10,"column":19}},"6":{"start":{"line":12,"column":2},"end":{"line":12,"column":27}},"7":{"start":{"line":16,"column":2},"end":{"line":16,"column":39}},"8":{"start":{"line":20,"column":17},"end":{"line":20,"column":31}},"9":{"start":{"line":21,"column":2},"end":{"line":30,"column":3}},"10":{"start":{"line":22,"column":16},"end":{"line":22,"column":33}},"11":{"start":{"line":23,"column":19},"end":{"line":23,"column":42}},"12":{"start":{"line":24,"column":4},"end":{"line":24,"column":32}},"13":{"start":{"line":25,"column":4},"end":{"line":29,"column":7}},"14":{"start":{"line":32,"column":2},"end":{"line":34,"column":5}},"15":{"start":{"line":33,"column":4},"end":{"line":33,"column":32}},"16":{"start":{"line":36,"column":18},"end":{"line":40,"column":3}},"17":{"start":{"line":41,"column":2},"end":{"line":43,"column":3}},"18":{"start":{"line":42,"column":4},"end":{"line":42,"column":57}},"19":{"start":{"line":44,"column":2},"end":{"line":44,"column":58}}},"fnMap":{"0":{"name":"list_user","decl":{"start":{"line":3,"column":22},"end":{"line":3,"column":31}},"loc":{"start":{"line":3,"column":34},"end":{"line":13,"column":1}},"line":3},"1":{"name":"(anonymous_1)","decl":{"start":{"line":4,"column":18},"end":{"line":4,"column":19}},"loc":{"start":{"line":4,"column":35},"end":{"line":11,"column":3}},"line":4},"2":{"name":"read_user","decl":{"start":{"line":15,"column":22},"end":{"line":15,"column":31}},"loc":{"start":{"line":15,"column":36},"end":{"line":17,"column":1}},"line":15},"3":{"name":"update_user","decl":{"start":{"line":19,"column":22},"end":{"line":19,"column":33}},"loc":{"start":{"line":19,"column":73},"end":{"line":45,"column":1}},"line":19},"4":{"name":"(anonymous_4)","decl":{"start":{"line":32,"column":24},"end":{"line":32,"column":25}},"loc":{"start":{"line":32,"column":31},"end":{"line":34,"column":3}},"line":32}},"branchMap":{"0":{"loc":{"start":{"line":6,"column":4},"end":{"line":9,"column":5}},"type":"if","locations":[{"start":{"line":6,"column":4},"end":{"line":9,"column":5}},{"start":{},"end":{}}],"line":6},"1":{"loc":{"start":{"line":19,"column":59},"end":{"line":19,"column":71}},"type":"default-arg","locations":[{"start":{"line":19,"column":67},"end":{"line":19,"column":71}}],"line":19},"2":{"loc":{"start":{"line":21,"column":2},"end":{"line":30,"column":3}},"type":"if","locations":[{"start":{"line":21,"column":2},"end":{"line":30,"column":3}},{"start":{},"end":{}}],"line":21},"3":{"loc":{"start":{"line":41,"column":2},"end":{"line":43,"column":3}},"type":"if","locations":[{"start":{"line":41,"column":2},"end":{"line":43,"column":3}},{"start":{},"end":{}}],"line":41}},"s":{"0":0,"1":0,"2":0,"3":0,"4":0,"5":0,"6":0,"7":0,"8":0,"9":0,"10":0,"11":0,"12":0,"13":0,"14":0,"15":0,"16":0,"17":0,"18":0,"19":0},"f":{"0":0,"1":0,"2":0,"3":0,"4":0},"b":{"0":[0,0],"1":[0],"2":[0,0],"3":[0,0]}}
,"/Users/mapaction/Kaicedra/MapActionApp/src/api/userStorage.js": {"path":"/Users/mapaction/Kaicedra/MapActionApp/src/api/userStorage.js","statementMap":{"0":{"start":{"line":3,"column":24},"end":{"line":3,"column":51}},"1":{"start":{"line":4,"column":25},"end":{"line":4,"column":47}},"2":{"start":{"line":6,"column":2},"end":{"line":6,"column":68}},"3":{"start":{"line":9,"column":2},"end":{"line":9,"column":34}},"4":{"start":{"line":12,"column":2},"end":{"line":17,"column":3}},"5":{"start":{"line":13,"column":17},"end":{"line":13,"column":48}},"6":{"start":{"line":14,"column":4},"end":{"line":14,"column":38}},"7":{"start":{"line":14,"column":14},"end":{"line":14,"column":38}},"8":{"start":{"line":16,"column":4},"end":{"line":16,"column":24}},"9":{"start":{"line":19,"column":2},"end":{"line":19,"column":22}},"10":{"start":{"line":22,"column":2},"end":{"line":22,"column":50}},"11":{"start":{"line":26,"column":2},"end":{"line":26,"column":31}},"12":{"start":{"line":30,"column":20},"end":{"line":30,"column":40}},"13":{"start":{"line":31,"column":2},"end":{"line":31,"column":27}},"14":{"start":{"line":32,"column":2},"end":{"line":32,"column":34}},"15":{"start":{"line":36,"column":2},"end":{"line":36,"column":34}},"16":{"start":{"line":40,"column":2},"end":{"line":40,"column":37}},"17":{"start":{"line":42,"column":16},"end":{"line":46,"column":1}}},"fnMap":{"0":{"name":"getUser","decl":{"start":{"line":5,"column":22},"end":{"line":5,"column":29}},"loc":{"start":{"line":5,"column":32},"end":{"line":7,"column":1}},"line":5},"1":{"name":"setUser","decl":{"start":{"line":8,"column":22},"end":{"line":8,"column":29}},"loc":{"start":{"line":8,"column":36},"end":{"line":10,"column":1}},"line":8},"2":{"name":"getData","decl":{"start":{"line":11,"column":22},"end":{"line":11,"column":29}},"loc":{"start":{"line":11,"column":56},"end":{"line":20,"column":1}},"line":11},"3":{"name":"setData","decl":{"start":{"line":21,"column":16},"end":{"line":21,"column":23}},"loc":{"start":{"line":21,"column":35},"end":{"line":23,"column":1}},"line":21},"4":{"name":"deleteData","decl":{"start":{"line":25,"column":16},"end":{"line":25,"column":26}},"loc":{"start":{"line":25,"column":32},"end":{"line":27,"column":1}},"line":25},"5":{"name":"setIncident","decl":{"start":{"line":29,"column":22},"end":{"line":29,"column":33}},"loc":{"start":{"line":29,"column":44},"end":{"line":33,"column":1}},"line":29},"6":{"name":"getIncidents","decl":{"start":{"line":35,"column":22},"end":{"line":35,"column":34}},"loc":{"start":{"line":35,"column":37},"end":{"line":37,"column":1}},"line":35},"7":{"name":"logout","decl":{"start":{"line":39,"column":22},"end":{"line":39,"column":28}},"loc":{"start":{"line":39,"column":31},"end":{"line":41,"column":1}},"line":39}},"branchMap":{"0":{"loc":{"start":{"line":11,"column":35},"end":{"line":11,"column":54}},"type":"default-arg","locations":[{"start":{"line":11,"column":50},"end":{"line":11,"column":54}}],"line":11},"1":{"loc":{"start":{"line":14,"column":4},"end":{"line":14,"column":38}},"type":"if","locations":[{"start":{"line":14,"column":4},"end":{"line":14,"column":38}},{"start":{},"end":{}}],"line":14}},"s":{"0":0,"1":0,"2":0,"3":0,"4":0,"5":0,"6":0,"7":0,"8":0,"9":0,"10":0,"11":0,"12":0,"13":0,"14":0,"15":0,"16":0,"17":0},"f":{"0":0,"1":0,"2":0,"3":0,"4":0,"5":0,"6":0,"7":0},"b":{"0":[0],"1":[0,0]}}
,"/Users/mapaction/Kaicedra/MapActionApp/src/components/DrawerContent.jsx": {"path":"/Users/mapaction/Kaicedra/MapActionApp/src/components/DrawerContent.jsx","statementMap":{"0":{"start":{"line":12,"column":14},"end":{"line":12,"column":54}},"1":{"start":{"line":15,"column":4},"end":{"line":15,"column":64}},"2":{"start":{"line":16,"column":4},"end":{"line":16,"column":50}},"3":{"start":{"line":20,"column":44},"end":{"line":20,"column":54}},"4":{"start":{"line":21,"column":18},"end":{"line":21,"column":29}},"5":{"start":{"line":23,"column":4},"end":{"line":23,"column":43}},"6":{"start":{"line":25,"column":4},"end":{"line":97,"column":6}},"7":{"start":{"line":62,"column":31},"end":{"line":62,"column":53}},"8":{"start":{"line":70,"column":18},"end":{"line":80,"column":19}},"9":{"start":{"line":76,"column":39},"end":{"line":76,"column":62}},"10":{"start":{"line":103,"column":20},"end":{"line":138,"column":1}},"11":{"start":{"line":104,"column":2},"end":{"line":137,"column":4}},"12":{"start":{"line":109,"column":8},"end":{"line":133,"column":10}},"13":{"start":{"line":142,"column":18},"end":{"line":178,"column":1}},"14":{"start":{"line":143,"column":2},"end":{"line":177,"column":4}},"15":{"start":{"line":148,"column":8},"end":{"line":173,"column":10}},"16":{"start":{"line":180,"column":26},"end":{"line":212,"column":1}},"17":{"start":{"line":181,"column":2},"end":{"line":211,"column":4}},"18":{"start":{"line":186,"column":8},"end":{"line":207,"column":10}},"19":{"start":{"line":213,"column":14},"end":{"line":249,"column":1}},"20":{"start":{"line":251,"column":17},"end":{"line":251,"column":74}},"21":{"start":{"line":251,"column":32},"end":{"line":251,"column":73}}},"fnMap":{"0":{"name":"(anonymous_0)","decl":{"start":{"line":14,"column":2},"end":{"line":14,"column":3}},"loc":{"start":{"line":14,"column":31},"end":{"line":17,"column":3}},"line":14},"1":{"name":"(anonymous_1)","decl":{"start":{"line":19,"column":2},"end":{"line":19,"column":3}},"loc":{"start":{"line":19,"column":11},"end":{"line":98,"column":3}},"line":19},"2":{"name":"(anonymous_2)","decl":{"start":{"line":62,"column":25},"end":{"line":62,"column":26}},"loc":{"start":{"line":62,"column":31},"end":{"line":62,"column":53}},"line":62},"3":{"name":"(anonymous_3)","decl":{"start":{"line":69,"column":25},"end":{"line":69,"column":26}},"loc":{"start":{"line":70,"column":18},"end":{"line":80,"column":19}},"line":70},"4":{"name":"(anonymous_4)","decl":{"start":{"line":76,"column":33},"end":{"line":76,"column":34}},"loc":{"start":{"line":76,"column":39},"end":{"line":76,"column":62}},"line":76},"5":{"name":"(anonymous_5)","decl":{"start":{"line":103,"column":20},"end":{"line":103,"column":21}},"loc":{"start":{"line":103,"column":68},"end":{"line":138,"column":1}},"line":103},"6":{"name":"(anonymous_6)","decl":{"start":{"line":108,"column":13},"end":{"line":108,"column":14}},"loc":{"start":{"line":108,"column":19},"end":{"line":134,"column":7}},"line":108},"7":{"name":"(anonymous_7)","decl":{"start":{"line":142,"column":18},"end":{"line":142,"column":19}},"loc":{"start":{"line":142,"column":66},"end":{"line":178,"column":1}},"line":142},"8":{"name":"(anonymous_8)","decl":{"start":{"line":147,"column":13},"end":{"line":147,"column":14}},"loc":{"start":{"line":147,"column":19},"end":{"line":174,"column":7}},"line":147},"9":{"name":"(anonymous_9)","decl":{"start":{"line":180,"column":26},"end":{"line":180,"column":27}},"loc":{"start":{"line":180,"column":74},"end":{"line":212,"column":1}},"line":180},"10":{"name":"(anonymous_10)","decl":{"start":{"line":185,"column":13},"end":{"line":185,"column":14}},"loc":{"start":{"line":185,"column":19},"end":{"line":208,"column":7}},"line":185},"11":{"name":"(anonymous_11)","decl":{"start":{"line":251,"column":17},"end":{"line":251,"column":18}},"loc":{"start":{"line":251,"column":32},"end":{"line":251,"column":73}},"line":251}},"branchMap":{"0":{"loc":{"start":{"line":14,"column":18},"end":{"line":14,"column":29}},"type":"default-arg","locations":[{"start":{"line":14,"column":27},"end":{"line":14,"column":29}}],"line":14},"1":{"loc":{"start":{"line":58,"column":13},"end":{"line":64,"column":13}},"type":"binary-expr","locations":[{"start":{"line":58,"column":13},"end":{"line":58,"column":38}},{"start":{"line":59,"column":14},"end":{"line":63,"column":16}}],"line":58},"2":{"loc":{"start":{"line":65,"column":13},"end":{"line":83,"column":13}},"type":"binary-expr","locations":[{"start":{"line":65,"column":13},"end":{"line":65,"column":38}},{"start":{"line":66,"column":14},"end":{"line":82,"column":16}}],"line":65},"3":{"loc":{"start":{"line":251,"column":41},"end":{"line":251,"column":71}},"type":"cond-expr","locations":[{"start":{"line":251,"column":54},"end":{"line":251,"column":64}},{"start":{"line":251,"column":67},"end":{"line":251,"column":71}}],"line":251}},"s":{"0":0,"1":0,"2":0,"3":0,"4":0,"5":0,"6":0,"7":0,"8":0,"9":0,"10":0,"11":0,"12":0,"13":0,"14":0,"15":0,"16":0,"17":0,"18":0,"19":0,"20":0,"21":0},"f":{"0":0,"1":0,"2":0,"3":0,"4":0,"5":0,"6":0,"7":0,"8":0,"9":0,"10":0,"11":0},"b":{"0":[0],"1":[0,0],"2":[0,0],"3":[0,0]}}
,"/Users/mapaction/Kaicedra/MapActionApp/src/components/DrawerNavigation.jsx": {"path":"/Users/mapaction/Kaicedra/MapActionApp/src/components/DrawerNavigation.jsx","statementMap":{"0":{"start":{"line":5,"column":15},"end":{"line":5,"column":38}},"1":{"start":{"line":11,"column":27},"end":{"line":11,"column":42}},"2":{"start":{"line":12,"column":27},"end":{"line":12,"column":37}},"3":{"start":{"line":14,"column":4},"end":{"line":30,"column":6}},"4":{"start":{"line":21,"column":10},"end":{"line":21,"column":67}},"5":{"start":{"line":27,"column":22},"end":{"line":27,"column":50}},"6":{"start":{"line":34,"column":17},"end":{"line":34,"column":74}},"7":{"start":{"line":34,"column":32},"end":{"line":34,"column":73}}},"fnMap":{"0":{"name":"(anonymous_0)","decl":{"start":{"line":10,"column":2},"end":{"line":10,"column":3}},"loc":{"start":{"line":10,"column":11},"end":{"line":31,"column":3}},"line":10},"1":{"name":"(anonymous_1)","decl":{"start":{"line":20,"column":23},"end":{"line":20,"column":24}},"loc":{"start":{"line":21,"column":10},"end":{"line":21,"column":67}},"line":21},"2":{"name":"(anonymous_2)","decl":{"start":{"line":27,"column":11},"end":{"line":27,"column":12}},"loc":{"start":{"line":27,"column":22},"end":{"line":27,"column":50}},"line":27},"3":{"name":"(anonymous_3)","decl":{"start":{"line":34,"column":17},"end":{"line":34,"column":18}},"loc":{"start":{"line":34,"column":32},"end":{"line":34,"column":73}},"line":34}},"branchMap":{"0":{"loc":{"start":{"line":34,"column":41},"end":{"line":34,"column":71}},"type":"cond-expr","locations":[{"start":{"line":34,"column":54},"end":{"line":34,"column":64}},{"start":{"line":34,"column":67},"end":{"line":34,"column":71}}],"line":34}},"s":{"0":0,"1":0,"2":0,"3":0,"4":0,"5":0,"6":0,"7":0},"f":{"0":0,"1":0,"2":0,"3":0},"b":{"0":[0,0]}}
,"/Users/mapaction/Kaicedra/MapActionApp/src/components/ProfilStackNavigation.jsx": {"path":"/Users/mapaction/Kaicedra/MapActionApp/src/components/ProfilStackNavigation.jsx","statementMap":{"0":{"start":{"line":5,"column":14},"end":{"line":5,"column":36}},"1":{"start":{"line":12,"column":27},"end":{"line":12,"column":35}},"2":{"start":{"line":13,"column":4},"end":{"line":25,"column":6}},"3":{"start":{"line":20,"column":14},"end":{"line":20,"column":80}}},"fnMap":{"0":{"name":"(anonymous_0)","decl":{"start":{"line":11,"column":2},"end":{"line":11,"column":3}},"loc":{"start":{"line":11,"column":11},"end":{"line":26,"column":3}},"line":11},"1":{"name":"(anonymous_1)","decl":{"start":{"line":19,"column":20},"end":{"line":19,"column":21}},"loc":{"start":{"line":20,"column":14},"end":{"line":20,"column":80}},"line":20}},"branchMap":{},"s":{"0":0,"1":0,"2":0,"3":0},"f":{"0":0,"1":0},"b":{}}
,"/Users/mapaction/Kaicedra/MapActionApp/src/components/StackNavigation.jsx": {"path":"/Users/mapaction/Kaicedra/MapActionApp/src/components/StackNavigation.jsx","statementMap":{"0":{"start":{"line":33,"column":14},"end":{"line":33,"column":36}},"1":{"start":{"line":35,"column":15},"end":{"line":45,"column":1}},"2":{"start":{"line":46,"column":17},"end":{"line":79,"column":1}},"3":{"start":{"line":47,"column":2},"end":{"line":50,"column":3}},"4":{"start":{"line":48,"column":4},"end":{"line":48,"column":56}},"5":{"start":{"line":49,"column":4},"end":{"line":49,"column":16}},"6":{"start":{"line":52,"column":22},"end":{"line":52,"column":32}},"7":{"start":{"line":54,"column":2},"end":{"line":57,"column":3}},"8":{"start":{"line":55,"column":4},"end":{"line":55,"column":69}},"9":{"start":{"line":56,"column":4},"end":{"line":56,"column":16}},"10":{"start":{"line":59,"column":16},"end":{"line":59,"column":35}},"11":{"start":{"line":61,"column":2},"end":{"line":61,"column":49}},"12":{"start":{"line":61,"column":37},"end":{"line":61,"column":49}},"13":{"start":{"line":63,"column":20},"end":{"line":68,"column":24}},"14":{"start":{"line":70,"column":2},"end":{"line":78,"column":4}},"15":{"start":{"line":80,"column":22},"end":{"line":110,"column":1}},"16":{"start":{"line":90,"column":23},"end":{"line":93,"column":6}},"17":{"start":{"line":94,"column":18},"end":{"line":97,"column":6}},"18":{"start":{"line":98,"column":20},"end":{"line":101,"column":6}},"19":{"start":{"line":103,"column":4},"end":{"line":108,"column":6}},"20":{"start":{"line":112,"column":24},"end":{"line":236,"column":1}},"21":{"start":{"line":113,"column":25},"end":{"line":113,"column":34}},"22":{"start":{"line":114,"column":2},"end":{"line":235,"column":4}}},"fnMap":{"0":{"name":"(anonymous_0)","decl":{"start":{"line":46,"column":17},"end":{"line":46,"column":18}},"loc":{"start":{"line":46,"column":59},"end":{"line":79,"column":1}},"line":46},"1":{"name":"(anonymous_1)","decl":{"start":{"line":76,"column":18},"end":{"line":76,"column":19}},"loc":{"start":{"line":76,"column":24},"end":{"line":76,"column":28}},"line":76},"2":{"name":"(anonymous_2)","decl":{"start":{"line":89,"column":25},"end":{"line":89,"column":26}},"loc":{"start":{"line":89,"column":51},"end":{"line":109,"column":3}},"line":89},"3":{"name":"(anonymous_3)","decl":{"start":{"line":112,"column":24},"end":{"line":112,"column":25}},"loc":{"start":{"line":112,"column":30},"end":{"line":236,"column":1}},"line":112}},"branchMap":{"0":{"loc":{"start":{"line":47,"column":2},"end":{"line":50,"column":3}},"type":"if","locations":[{"start":{"line":47,"column":2},"end":{"line":50,"column":3}},{"start":{},"end":{}}],"line":47},"1":{"loc":{"start":{"line":47,"column":6},"end":{"line":47,"column":27}},"type":"binary-expr","locations":[{"start":{"line":47,"column":6},"end":{"line":47,"column":12}},{"start":{"line":47,"column":16},"end":{"line":47,"column":27}}],"line":47},"2":{"loc":{"start":{"line":54,"column":2},"end":{"line":57,"column":3}},"type":"if","locations":[{"start":{"line":54,"column":2},"end":{"line":57,"column":3}},{"start":{},"end":{}}],"line":54},"3":{"loc":{"start":{"line":54,"column":6},"end":{"line":54,"column":58}},"type":"binary-expr","locations":[{"start":{"line":54,"column":6},"end":{"line":54,"column":14}},{"start":{"line":54,"column":18},"end":{"line":54,"column":58}}],"line":54},"4":{"loc":{"start":{"line":59,"column":16},"end":{"line":59,"column":35}},"type":"binary-expr","locations":[{"start":{"line":59,"column":16},"end":{"line":59,"column":29}},{"start":{"line":59,"column":33},"end":{"line":59,"column":35}}],"line":59},"5":{"loc":{"start":{"line":61,"column":2},"end":{"line":61,"column":49}},"type":"if","locations":[{"start":{"line":61,"column":2},"end":{"line":61,"column":49}},{"start":{},"end":{}}],"line":61}},"s":{"0":0,"1":0,"2":0,"3":0,"4":0,"5":0,"6":0,"7":0,"8":0,"9":0,"10":0,"11":0,"12":0,"13":0,"14":0,"15":0,"16":0,"17":0,"18":0,"19":0,"20":0,"21":0,"22":0},"f":{"0":0,"1":0,"2":0,"3":0},"b":{"0":[0,0],"1":[0,0],"2":[0,0],"3":[0,0],"4":[0,0],"5":[0,0]}}
,"/Users/mapaction/Kaicedra/MapActionApp/src/components/TabBar.jsx": {"path":"/Users/mapaction/Kaicedra/MapActionApp/src/components/TabBar.jsx","statementMap":{"0":{"start":{"line":7,"column":2},"end":{"line":23,"column":4}},"1":{"start":{"line":8,"column":61},"end":{"line":8,"column":87}}},"fnMap":{"0":{"name":"TabBar","decl":{"start":{"line":6,"column":24},"end":{"line":6,"column":30}},"loc":{"start":{"line":6,"column":47},"end":{"line":24,"column":1}},"line":6},"1":{"name":"(anonymous_1)","decl":{"start":{"line":8,"column":55},"end":{"line":8,"column":56}},"loc":{"start":{"line":8,"column":61},"end":{"line":8,"column":87}},"line":8}},"branchMap":{},"s":{"0":0,"1":0},"f":{"0":0,"1":0},"b":{}}
,"/Users/mapaction/Kaicedra/MapActionApp/src/components/TabNavigation.jsx": {"path":"/Users/mapaction/Kaicedra/MapActionApp/src/components/TabNavigation.jsx","statementMap":{"0":{"start":{"line":13,"column":12},"end":{"line":13,"column":38}},"1":{"start":{"line":14,"column":14},"end":{"line":14,"column":36}},"2":{"start":{"line":17,"column":4},"end":{"line":55,"column":6}},"3":{"start":{"line":41,"column":14},"end":{"line":41,"column":70}},"4":{"start":{"line":58,"column":4},"end":{"line":62,"column":6}},"5":{"start":{"line":59,"column":6},"end":{"line":61,"column":13}},"6":{"start":{"line":66,"column":17},"end":{"line":69,"column":2}},"7":{"start":{"line":66,"column":32},"end":{"line":69,"column":1}},"8":{"start":{"line":71,"column":20},"end":{"line":85,"column":1}},"9":{"start":{"line":72,"column":2},"end":{"line":84,"column":4}},"10":{"start":{"line":86,"column":23},"end":{"line":104,"column":2}},"11":{"start":{"line":90,"column":2},"end":{"line":103,"column":4}},"12":{"start":{"line":97,"column":12},"end":{"line":97,"column":70}}},"fnMap":{"0":{"name":"(anonymous_0)","decl":{"start":{"line":16,"column":2},"end":{"line":16,"column":3}},"loc":{"start":{"line":16,"column":11},"end":{"line":56,"column":3}},"line":16},"1":{"name":"(anonymous_1)","decl":{"start":{"line":40,"column":24},"end":{"line":40,"column":25}},"loc":{"start":{"line":41,"column":14},"end":{"line":41,"column":70}},"line":41},"2":{"name":"(anonymous_2)","decl":{"start":{"line":57,"column":2},"end":{"line":57,"column":3}},"loc":{"start":{"line":57,"column":19},"end":{"line":63,"column":3}},"line":57},"3":{"name":"(anonymous_3)","decl":{"start":{"line":58,"column":11},"end":{"line":58,"column":12}},"loc":{"start":{"line":59,"column":6},"end":{"line":61,"column":13}},"line":59},"4":{"name":"(anonymous_4)","decl":{"start":{"line":66,"column":17},"end":{"line":66,"column":18}},"loc":{"start":{"line":66,"column":32},"end":{"line":69,"column":1}},"line":66},"5":{"name":"(anonymous_5)","decl":{"start":{"line":71,"column":20},"end":{"line":71,"column":21}},"loc":{"start":{"line":71,"column":31},"end":{"line":85,"column":1}},"line":71},"6":{"name":"(anonymous_6)","decl":{"start":{"line":89,"column":2},"end":{"line":89,"column":3}},"loc":{"start":{"line":89,"column":13},"end":{"line":104,"column":1}},"line":89},"7":{"name":"(anonymous_7)","decl":{"start":{"line":96,"column":18},"end":{"line":96,"column":19}},"loc":{"start":{"line":97,"column":12},"end":{"line":97,"column":70}},"line":97}},"branchMap":{"0":{"loc":{"start":{"line":26,"column":27},"end":{"line":26,"column":58}},"type":"cond-expr","locations":[{"start":{"line":26,"column":51},"end":{"line":26,"column":53}},{"start":{"line":26,"column":56},"end":{"line":26,"column":58}}],"line":26},"1":{"loc":{"start":{"line":59,"column":32},"end":{"line":59,"column":62}},"type":"cond-expr","locations":[{"start":{"line":59,"column":56},"end":{"line":59,"column":58}},{"start":{"line":59,"column":61},"end":{"line":59,"column":62}}],"line":59},"2":{"loc":{"start":{"line":67,"column":9},"end":{"line":67,"column":39}},"type":"cond-expr","locations":[{"start":{"line":67,"column":22},"end":{"line":67,"column":32}},{"start":{"line":67,"column":35},"end":{"line":67,"column":39}}],"line":67},"3":{"loc":{"start":{"line":68,"column":8},"end":{"line":68,"column":36}},"type":"cond-expr","locations":[{"start":{"line":68,"column":20},"end":{"line":68,"column":29}},{"start":{"line":68,"column":32},"end":{"line":68,"column":36}}],"line":68}},"s":{"0":0,"1":0,"2":0,"3":0,"4":0,"5":0,"6":0,"7":0,"8":0,"9":0,"10":0,"11":0,"12":0},"f":{"0":0,"1":0,"2":0,"3":0,"4":0,"5":0,"6":0,"7":0},"b":{"0":[0,0],"1":[0,0],"2":[0,0],"3":[0,0]}}
,"/Users/mapaction/Kaicedra/MapActionApp/src/context/ReportContext.js": {"path":"/Users/mapaction/Kaicedra/MapActionApp/src/context/ReportContext.js","statementMap":{"0":{"start":{"line":7,"column":29},"end":{"line":7,"column":44}},"1":{"start":{"line":9,"column":30},"end":{"line":44,"column":1}},"2":{"start":{"line":10,"column":36},"end":{"line":10,"column":51}},"3":{"start":{"line":11,"column":40},"end":{"line":11,"column":54}},"4":{"start":{"line":14,"column":2},"end":{"line":21,"column":9}},"5":{"start":{"line":15,"column":24},"end":{"line":18,"column":6}},"6":{"start":{"line":16,"column":6},"end":{"line":16,"column":40}},"7":{"start":{"line":17,"column":6},"end":{"line":17,"column":35}},"8":{"start":{"line":20,"column":4},"end":{"line":20,"column":31}},"9":{"start":{"line":20,"column":17},"end":{"line":20,"column":30}},"10":{"start":{"line":24,"column":23},"end":{"line":37,"column":3}},"11":{"start":{"line":25,"column":4},"end":{"line":36,"column":5}},"12":{"start":{"line":27,"column":6},"end":{"line":27,"column":72}},"13":{"start":{"line":30,"column":22},"end":{"line":30,"column":53}},"14":{"start":{"line":31,"column":6},"end":{"line":35,"column":7}},"15":{"start":{"line":32,"column":8},"end":{"line":32,"column":59}},"16":{"start":{"line":34,"column":8},"end":{"line":34,"column":67}},"17":{"start":{"line":39,"column":2},"end":{"line":43,"column":4}}},"fnMap":{"0":{"name":"(anonymous_0)","decl":{"start":{"line":9,"column":30},"end":{"line":9,"column":31}},"loc":{"start":{"line":9,"column":48},"end":{"line":44,"column":1}},"line":9},"1":{"name":"(anonymous_1)","decl":{"start":{"line":14,"column":12},"end":{"line":14,"column":13}},"loc":{"start":{"line":14,"column":18},"end":{"line":21,"column":3}},"line":14},"2":{"name":"(anonymous_2)","decl":{"start":{"line":15,"column":49},"end":{"line":15,"column":50}},"loc":{"start":{"line":15,"column":60},"end":{"line":18,"column":5}},"line":15},"3":{"name":"(anonymous_3)","decl":{"start":{"line":20,"column":11},"end":{"line":20,"column":12}},"loc":{"start":{"line":20,"column":17},"end":{"line":20,"column":30}},"line":20},"4":{"name":"(anonymous_4)","decl":{"start":{"line":24,"column":23},"end":{"line":24,"column":24}},"loc":{"start":{"line":24,"column":59},"end":{"line":37,"column":3}},"line":24}},"branchMap":{"0":{"loc":{"start":{"line":25,"column":4},"end":{"line":36,"column":5}},"type":"if","locations":[{"start":{"line":25,"column":4},"end":{"line":36,"column":5}},{"start":{"line":28,"column":11},"end":{"line":36,"column":5}}],"line":25},"1":{"loc":{"start":{"line":31,"column":6},"end":{"line":35,"column":7}},"type":"if","locations":[{"start":{"line":31,"column":6},"end":{"line":35,"column":7}},{"start":{"line":33,"column":13},"end":{"line":35,"column":7}}],"line":31}},"s":{"0":0,"1":0,"2":0,"3":0,"4":0,"5":0,"6":0,"7":0,"8":0,"9":0,"10":0,"11":0,"12":0,"13":0,"14":0,"15":0,"16":0,"17":0},"f":{"0":0,"1":0,"2":0,"3":0,"4":0},"b":{"0":[0,0],"1":[0,0]}}
,"/Users/mapaction/Kaicedra/MapActionApp/src/db/client.js": {"path":"/Users/mapaction/Kaicedra/MapActionApp/src/db/client.js","statementMap":{"0":{"start":{"line":4,"column":15},"end":{"line":6,"column":2}},"1":{"start":{"line":8,"column":18},"end":{"line":8,"column":33}}},"fnMap":{},"branchMap":{},"s":{"0":0,"1":0},"f":{},"b":{}}
,"/Users/mapaction/Kaicedra/MapActionApp/src/db/dbOperations.js": {"path":"/Users/mapaction/Kaicedra/MapActionApp/src/db/dbOperations.js","statementMap":{"0":{"start":{"line":6,"column":33},"end":{"line":31,"column":1}},"1":{"start":{"line":7,"column":2},"end":{"line":30,"column":3}},"2":{"start":{"line":8,"column":4},"end":{"line":25,"column":7}},"3":{"start":{"line":26,"column":4},"end":{"line":26,"column":16}},"4":{"start":{"line":28,"column":4},"end":{"line":28,"column":57}},"5":{"start":{"line":29,"column":4},"end":{"line":29,"column":17}},"6":{"start":{"line":34,"column":34},"end":{"line":44,"column":1}},"7":{"start":{"line":35,"column":2},"end":{"line":43,"column":3}},"8":{"start":{"line":36,"column":4},"end":{"line":40,"column":17}},"9":{"start":{"line":42,"column":4},"end":{"line":42,"column":58}},"10":{"start":{"line":47,"column":33},"end":{"line":58,"column":1}},"11":{"start":{"line":48,"column":2},"end":{"line":57,"column":3}},"12":{"start":{"line":49,"column":27},"end":{"line":52,"column":33}},"13":{"start":{"line":53,"column":4},"end":{"line":53,"column":26}},"14":{"start":{"line":55,"column":4},"end":{"line":55,"column":60}},"15":{"start":{"line":56,"column":4},"end":{"line":56,"column":16}}},"fnMap":{"0":{"name":"(anonymous_0)","decl":{"start":{"line":6,"column":33},"end":{"line":6,"column":34}},"loc":{"start":{"line":6,"column":51},"end":{"line":31,"column":1}},"line":6},"1":{"name":"(anonymous_1)","decl":{"start":{"line":34,"column":34},"end":{"line":34,"column":35}},"loc":{"start":{"line":34,"column":54},"end":{"line":44,"column":1}},"line":34},"2":{"name":"(anonymous_2)","decl":{"start":{"line":47,"column":33},"end":{"line":47,"column":34}},"loc":{"start":{"line":47,"column":45},"end":{"line":58,"column":1}},"line":47}},"branchMap":{},"s":{"0":0,"1":0,"2":0,"3":0,"4":0,"5":0,"6":0,"7":0,"8":0,"9":0,"10":0,"11":0,"12":0,"13":0,"14":0,"15":0},"f":{"0":0,"1":0,"2":0},"b":{}}
,"/Users/mapaction/Kaicedra/MapActionApp/src/db/schema.ts": {"path":"/Users/mapaction/Kaicedra/MapActionApp/src/db/schema.ts","statementMap":{"0":{"start":{"line":4,"column":23},"end":{"line":22,"column":2}}},"fnMap":{},"branchMap":{},"s":{"0":0},"f":{},"b":{}}
,"/Users/mapaction/Kaicedra/MapActionApp/src/pages/EmailLogin.jsx": {"path":"/Users/mapaction/Kaicedra/MapActionApp/src/pages/EmailLogin.jsx","statementMap":{"0":{"start":{"line":8,"column":30},"end":{"line":8,"column":48}},"1":{"start":{"line":9,"column":36},"end":{"line":9,"column":54}},"2":{"start":{"line":10,"column":23},"end":{"line":10,"column":38}},"3":{"start":{"line":12,"column":19},"end":{"line":25,"column":5}},"4":{"start":{"line":13,"column":21},"end":{"line":13,"column":40}},"5":{"start":{"line":14,"column":8},"end":{"line":24,"column":9}},"6":{"start":{"line":15,"column":29},"end":{"line":15,"column":46}},"7":{"start":{"line":16,"column":12},"end":{"line":21,"column":13}},"8":{"start":{"line":17,"column":16},"end":{"line":17,"column":83}},"9":{"start":{"line":18,"column":16},"end":{"line":18,"column":55}},"10":{"start":{"line":20,"column":16},"end":{"line":20,"column":60}},"11":{"start":{"line":23,"column":12},"end":{"line":23,"column":83}},"12":{"start":{"line":27,"column":4},"end":{"line":67,"column":6}},"13":{"start":{"line":71,"column":15},"end":{"line":140,"column":2}}},"fnMap":{"0":{"name":"EmailLogin","decl":{"start":{"line":7,"column":24},"end":{"line":7,"column":34}},"loc":{"start":{"line":7,"column":37},"end":{"line":68,"column":1}},"line":7},"1":{"name":"(anonymous_1)","decl":{"start":{"line":12,"column":19},"end":{"line":12,"column":20}},"loc":{"start":{"line":12,"column":31},"end":{"line":25,"column":5}},"line":12}},"branchMap":{"0":{"loc":{"start":{"line":16,"column":12},"end":{"line":21,"column":13}},"type":"if","locations":[{"start":{"line":16,"column":12},"end":{"line":21,"column":13}},{"start":{"line":19,"column":19},"end":{"line":21,"column":13}}],"line":16}},"s":{"0":0,"1":0,"2":0,"3":0,"4":0,"5":0,"6":0,"7":0,"8":0,"9":0,"10":0,"11":0,"12":0,"13":0},"f":{"0":0,"1":0},"b":{"0":[0,0]}}
,"/Users/mapaction/Kaicedra/MapActionApp/src/pages/Inscription.jsx": {"path":"/Users/mapaction/Kaicedra/MapActionApp/src/pages/Inscription.jsx","statementMap":{"0":{"start":{"line":26,"column":10},"end":{"line":38,"column":3}},"1":{"start":{"line":41,"column":18},"end":{"line":41,"column":42}},"2":{"start":{"line":42,"column":4},"end":{"line":42,"column":28}},"3":{"start":{"line":42,"column":16},"end":{"line":42,"column":28}},"4":{"start":{"line":43,"column":4},"end":{"line":54,"column":6}},"5":{"start":{"line":57,"column":11},"end":{"line":74,"column":4}},"6":{"start":{"line":71,"column":10},"end":{"line":71,"column":48}},"7":{"start":{"line":85,"column":8},"end":{"line":85,"column":18}},"8":{"start":{"line":86,"column":4},"end":{"line":86,"column":24}},"9":{"start":{"line":86,"column":17},"end":{"line":86,"column":24}},"10":{"start":{"line":87,"column":4},"end":{"line":99,"column":9}},"11":{"start":{"line":89,"column":8},"end":{"line":89,"column":38}},"12":{"start":{"line":90,"column":8},"end":{"line":90,"column":31}},"13":{"start":{"line":91,"column":8},"end":{"line":91,"column":34}},"14":{"start":{"line":94,"column":23},"end":{"line":94,"column":25}},"15":{"start":{"line":95,"column":8},"end":{"line":97,"column":11}},"16":{"start":{"line":96,"column":10},"end":{"line":96,"column":47}},"17":{"start":{"line":98,"column":8},"end":{"line":98,"column":34}},"18":{"start":{"line":103,"column":4},"end":{"line":103,"column":38}},"19":{"start":{"line":104,"column":4},"end":{"line":104,"column":37}},"20":{"start":{"line":105,"column":4},"end":{"line":137,"column":5}},"21":{"start":{"line":106,"column":6},"end":{"line":106,"column":59}},"22":{"start":{"line":107,"column":23},"end":{"line":107,"column":43}},"23":{"start":{"line":108,"column":6},"end":{"line":108,"column":91}},"24":{"start":{"line":109,"column":24},"end":{"line":109,"column":32}},"25":{"start":{"line":110,"column":26},"end":{"line":110,"column":38}},"26":{"start":{"line":111,"column":6},"end":{"line":111,"column":40}},"27":{"start":{"line":112,"column":6},"end":{"line":112,"column":28}},"28":{"start":{"line":113,"column":18},"end":{"line":113,"column":72}},"29":{"start":{"line":114,"column":6},"end":{"line":114,"column":42}},"30":{"start":{"line":115,"column":6},"end":{"line":115,"column":47}},"31":{"start":{"line":116,"column":6},"end":{"line":119,"column":9}},"32":{"start":{"line":118,"column":24},"end":{"line":118,"column":74}},"33":{"start":{"line":121,"column":6},"end":{"line":121,"column":40}},"34":{"start":{"line":122,"column":24},"end":{"line":122,"column":26}},"35":{"start":{"line":123,"column":6},"end":{"line":136,"column":7}},"36":{"start":{"line":124,"column":23},"end":{"line":124,"column":25}},"37":{"start":{"line":125,"column":8},"end":{"line":128,"column":11}},"38":{"start":{"line":126,"column":22},"end":{"line":126,"column":34}},"39":{"start":{"line":127,"column":10},"end":{"line":127,"column":33}},"40":{"start":{"line":129,"column":8},"end":{"line":129,"column":28}},"41":{"start":{"line":130,"column":8},"end":{"line":135,"column":9}},"42":{"start":{"line":131,"column":31},"end":{"line":131,"column":69}},"43":{"start":{"line":132,"column":10},"end":{"line":132,"column":81}},"44":{"start":{"line":134,"column":10},"end":{"line":134,"column":36}},"45":{"start":{"line":138,"column":4},"end":{"line":138,"column":38}},"46":{"start":{"line":142,"column":4},"end":{"line":260,"column":6}},"47":{"start":{"line":169,"column":48},"end":{"line":169,"column":77}},"48":{"start":{"line":181,"column":47},"end":{"line":181,"column":75}},"49":{"start":{"line":193,"column":43},"end":{"line":193,"column":67}},"50":{"start":{"line":206,"column":45},"end":{"line":206,"column":71}},"51":{"start":{"line":217,"column":43},"end":{"line":217,"column":67}},"52":{"start":{"line":230,"column":46},"end":{"line":230,"column":73}},"53":{"start":{"line":243,"column":59},"end":{"line":243,"column":99}},"54":{"start":{"line":253,"column":75},"end":{"line":253,"column":88}},"55":{"start":{"line":264,"column":4},"end":{"line":289,"column":6}},"56":{"start":{"line":265,"column":27},"end":{"line":265,"column":67}},"57":{"start":{"line":267,"column":25},"end":{"line":267,"column":65}},"58":{"start":{"line":293,"column":15},"end":{"line":366,"column":2}}},"fnMap":{"0":{"name":"(anonymous_0)","decl":{"start":{"line":40,"column":2},"end":{"line":40,"column":3}},"loc":{"start":{"line":40,"column":21},"end":{"line":55,"column":3}},"line":40},"1":{"name":"(anonymous_1)","decl":{"start":{"line":70,"column":8},"end":{"line":70,"column":9}},"loc":{"start":{"line":70,"column":25},"end":{"line":72,"column":9}},"line":70},"2":{"name":"(anonymous_2)","decl":{"start":{"line":76,"column":2},"end":{"line":76,"column":3}},"loc":{"start":{"line":76,"column":17},"end":{"line":100,"column":3}},"line":76},"3":{"name":"(anonymous_3)","decl":{"start":{"line":88,"column":12},"end":{"line":88,"column":13}},"loc":{"start":{"line":88,"column":24},"end":{"line":92,"column":7}},"line":88},"4":{"name":"(anonymous_4)","decl":{"start":{"line":93,"column":13},"end":{"line":93,"column":14}},"loc":{"start":{"line":93,"column":21},"end":{"line":99,"column":7}},"line":93},"5":{"name":"(anonymous_5)","decl":{"start":{"line":95,"column":25},"end":{"line":95,"column":26}},"loc":{"start":{"line":95,"column":36},"end":{"line":97,"column":9}},"line":95},"6":{"name":"(anonymous_6)","decl":{"start":{"line":102,"column":2},"end":{"line":102,"column":3}},"loc":{"start":{"line":102,"column":37},"end":{"line":139,"column":3}},"line":102},"7":{"name":"(anonymous_7)","decl":{"start":{"line":118,"column":18},"end":{"line":118,"column":19}},"loc":{"start":{"line":118,"column":24},"end":{"line":118,"column":74}},"line":118},"8":{"name":"(anonymous_8)","decl":{"start":{"line":125,"column":35},"end":{"line":125,"column":36}},"loc":{"start":{"line":125,"column":46},"end":{"line":128,"column":9}},"line":125},"9":{"name":"(anonymous_9)","decl":{"start":{"line":141,"column":2},"end":{"line":141,"column":3}},"loc":{"start":{"line":141,"column":11},"end":{"line":261,"column":3}},"line":141},"10":{"name":"(anonymous_10)","decl":{"start":{"line":169,"column":32},"end":{"line":169,"column":33}},"loc":{"start":{"line":169,"column":48},"end":{"line":169,"column":77}},"line":169},"11":{"name":"(anonymous_11)","decl":{"start":{"line":181,"column":32},"end":{"line":181,"column":33}},"loc":{"start":{"line":181,"column":47},"end":{"line":181,"column":75}},"line":181},"12":{"name":"(anonymous_12)","decl":{"start":{"line":193,"column":32},"end":{"line":193,"column":33}},"loc":{"start":{"line":193,"column":43},"end":{"line":193,"column":67}},"line":193},"13":{"name":"(anonymous_13)","decl":{"start":{"line":206,"column":32},"end":{"line":206,"column":33}},"loc":{"start":{"line":206,"column":45},"end":{"line":206,"column":71}},"line":206},"14":{"name":"(anonymous_14)","decl":{"start":{"line":217,"column":32},"end":{"line":217,"column":33}},"loc":{"start":{"line":217,"column":43},"end":{"line":217,"column":67}},"line":217},"15":{"name":"(anonymous_15)","decl":{"start":{"line":230,"column":32},"end":{"line":230,"column":33}},"loc":{"start":{"line":230,"column":46},"end":{"line":230,"column":73}},"line":230},"16":{"name":"(anonymous_16)","decl":{"start":{"line":243,"column":32},"end":{"line":243,"column":33}},"loc":{"start":{"line":243,"column":59},"end":{"line":243,"column":99}},"line":243},"17":{"name":"(anonymous_17)","decl":{"start":{"line":253,"column":69},"end":{"line":253,"column":70}},"loc":{"start":{"line":253,"column":75},"end":{"line":253,"column":88}},"line":253},"18":{"name":"(anonymous_18)","decl":{"start":{"line":263,"column":2},"end":{"line":263,"column":3}},"loc":{"start":{"line":263,"column":16},"end":{"line":290,"column":3}},"line":263},"19":{"name":"(anonymous_19)","decl":{"start":{"line":265,"column":21},"end":{"line":265,"column":22}},"loc":{"start":{"line":265,"column":27},"end":{"line":265,"column":67}},"line":265},"20":{"name":"(anonymous_20)","decl":{"start":{"line":267,"column":19},"end":{"line":267,"column":20}},"loc":{"start":{"line":267,"column":25},"end":{"line":267,"column":65}},"line":267}},"branchMap":{"0":{"loc":{"start":{"line":42,"column":4},"end":{"line":42,"column":28}},"type":"if","locations":[{"start":{"line":42,"column":4},"end":{"line":42,"column":28}},{"start":{},"end":{}}],"line":42},"1":{"loc":{"start":{"line":86,"column":4},"end":{"line":86,"column":24}},"type":"if","locations":[{"start":{"line":86,"column":4},"end":{"line":86,"column":24}},{"start":{},"end":{}}],"line":86},"2":{"loc":{"start":{"line":102,"column":23},"end":{"line":102,"column":35}},"type":"default-arg","locations":[{"start":{"line":102,"column":30},"end":{"line":102,"column":35}}],"line":102},"3":{"loc":{"start":{"line":123,"column":6},"end":{"line":136,"column":7}},"type":"if","locations":[{"start":{"line":123,"column":6},"end":{"line":136,"column":7}},{"start":{},"end":{}}],"line":123},"4":{"loc":{"start":{"line":130,"column":8},"end":{"line":135,"column":9}},"type":"if","locations":[{"start":{"line":130,"column":8},"end":{"line":135,"column":9}},{"start":{"line":133,"column":15},"end":{"line":135,"column":9}}],"line":130},"5":{"loc":{"start":{"line":131,"column":31},"end":{"line":131,"column":69}},"type":"binary-expr","locations":[{"start":{"line":131,"column":31},"end":{"line":131,"column":46}},{"start":{"line":131,"column":50},"end":{"line":131,"column":69}}],"line":131},"6":{"loc":{"start":{"line":144,"column":9},"end":{"line":144,"column":56}},"type":"binary-expr","locations":[{"start":{"line":144,"column":9},"end":{"line":144,"column":34}},{"start":{"line":144,"column":38},"end":{"line":144,"column":56}}],"line":144},"7":{"loc":{"start":{"line":147,"column":20},"end":{"line":147,"column":64}},"type":"cond-expr","locations":[{"start":{"line":147,"column":44},"end":{"line":147,"column":53}},{"start":{"line":147,"column":56},"end":{"line":147,"column":64}}],"line":147}},"s":{"0":0,"1":0,"2":0,"3":0,"4":0,"5":0,"6":0,"7":0,"8":0,"9":0,"10":0,"11":0,"12":0,"13":0,"14":0,"15":0,"16":0,"17":0,"18":0,"19":0,"20":0,"21":0,"22":0,"23":0,"24":0,"25":0,"26":0,"27":0,"28":0,"29":0,"30":0,"31":0,"32":0,"33":0,"34":0,"35":0,"36":0,"37":0,"38":0,"39":0,"40":0,"41":0,"42":0,"43":0,"44":0,"45":0,"46":0,"47":0,"48":0,"49":0,"50":0,"51":0,"52":0,"53":0,"54":0,"55":0,"56":0,"57":0,"58":0},"f":{"0":0,"1":0,"2":0,"3":0,"4":0,"5":0,"6":0,"7":0,"8":0,"9":0,"10":0,"11":0,"12":0,"13":0,"14":0,"15":0,"16":0,"17":0,"18":0,"19":0,"20":0},"b":{"0":[0,0],"1":[0,0],"2":[0],"3":[0,0],"4":[0,0],"5":[0,0],"6":[0,0],"7":[0,0]}}
,"/Users/mapaction/Kaicedra/MapActionApp/src/pages/Login.jsx": {"path":"/Users/mapaction/Kaicedra/MapActionApp/src/pages/Login.jsx","statementMap":{"0":{"start":{"line":6,"column":23},"end":{"line":6,"column":38}},"1":{"start":{"line":7,"column":4},"end":{"line":41,"column":6}},"2":{"start":{"line":25,"column":71},"end":{"line":25,"column":95}},"3":{"start":{"line":29,"column":71},"end":{"line":29,"column":95}},"4":{"start":{"line":33,"column":71},"end":{"line":33,"column":102}},"5":{"start":{"line":37,"column":56},"end":{"line":37,"column":86}},"6":{"start":{"line":44,"column":15},"end":{"line":107,"column":2}}},"fnMap":{"0":{"name":"Login","decl":{"start":{"line":5,"column":24},"end":{"line":5,"column":29}},"loc":{"start":{"line":5,"column":32},"end":{"line":42,"column":1}},"line":5},"1":{"name":"(anonymous_1)","decl":{"start":{"line":25,"column":65},"end":{"line":25,"column":66}},"loc":{"start":{"line":25,"column":71},"end":{"line":25,"column":95}},"line":25},"2":{"name":"(anonymous_2)","decl":{"start":{"line":29,"column":65},"end":{"line":29,"column":66}},"loc":{"start":{"line":29,"column":71},"end":{"line":29,"column":95}},"line":29},"3":{"name":"(anonymous_3)","decl":{"start":{"line":33,"column":65},"end":{"line":33,"column":66}},"loc":{"start":{"line":33,"column":71},"end":{"line":33,"column":102}},"line":33},"4":{"name":"(anonymous_4)","decl":{"start":{"line":37,"column":50},"end":{"line":37,"column":51}},"loc":{"start":{"line":37,"column":56},"end":{"line":37,"column":86}},"line":37}},"branchMap":{},"s":{"0":0,"1":0,"2":0,"3":0,"4":0,"5":0,"6":0},"f":{"0":0,"1":0,"2":0,"3":0,"4":0},"b":{}}
,"/Users/mapaction/Kaicedra/MapActionApp/src/pages/PhoneLogin.jsx": {"path":"/Users/mapaction/Kaicedra/MapActionApp/src/pages/PhoneLogin.jsx","statementMap":{"0":{"start":{"line":6,"column":37},"end":{"line":6,"column":55}},"1":{"start":{"line":7,"column":4},"end":{"line":39,"column":6}},"2":{"start":{"line":42,"column":15},"end":{"line":112,"column":2}}},"fnMap":{"0":{"name":"PhoneLogin","decl":{"start":{"line":5,"column":24},"end":{"line":5,"column":34}},"loc":{"start":{"line":5,"column":37},"end":{"line":40,"column":1}},"line":5},"1":{"name":"(anonymous_1)","decl":{"start":{"line":34,"column":65},"end":{"line":34,"column":66}},"loc":{"start":{"line":34,"column":71},"end":{"line":34,"column":74}},"line":34}},"branchMap":{},"s":{"0":0,"1":0,"2":0},"f":{"0":0,"1":0},"b":{}}
[...]
,"/Users/mapaction/Kaicedra/MapActionApp/src/shared/Icon.js": {"path":"/Users/mapaction/Kaicedra/MapActionApp/src/shared/Icon.js","statementMap":{"0":{"start":{"line":6,"column":19},"end":{"line":6,"column":23}},"1":{"start":{"line":7,"column":4},"end":{"line":9,"column":5}},"2":{"start":{"line":8,"column":8},"end":{"line":8,"column":23}},"3":{"start":{"line":10,"column":4},"end":{"line":10,"column":102}}},"fnMap":{"0":{"name":"(anonymous_0)","decl":{"start":{"line":5,"column":15},"end":{"line":5,"column":16}},"loc":{"start":{"line":5,"column":47},"end":{"line":11,"column":1}},"line":5}},"branchMap":{"0":{"loc":{"start":{"line":7,"column":4},"end":{"line":9,"column":5}},"type":"if","locations":[{"start":{"line":7,"column":4},"end":{"line":9,"column":5}},{"start":{},"end":{}}],"line":7}},"s":{"0":0,"1":0,"2":0,"3":0},"f":{"0":0},"b":{"0":[0,0]}}
,"/Users/mapaction/Kaicedra/MapActionApp/src/shared/Popup.js": {"path":"/Users/mapaction/Kaicedra/MapActionApp/src/shared/Popup.js","statementMap":{"0":{"start":{"line":4,"column":14},"end":{"line":4,"column":44}},"1":{"start":{"line":7,"column":10},"end":{"line":9,"column":3}},"2":{"start":{"line":12,"column":4},"end":{"line":14,"column":5}},"3":{"start":{"line":13,"column":6},"end":{"line":13,"column":26}},"4":{"start":{"line":18,"column":4},"end":{"line":53,"column":6}},"5":{"start":{"line":25,"column":10},"end":{"line":25,"column":44}}},"fnMap":{"0":{"name":"(anonymous_0)","decl":{"start":{"line":11,"column":2},"end":{"line":11,"column":3}},"loc":{"start":{"line":11,"column":23},"end":{"line":15,"column":3}},"line":11},"1":{"name":"(anonymous_1)","decl":{"start":{"line":17,"column":2},"end":{"line":17,"column":3}},"loc":{"start":{"line":17,"column":11},"end":{"line":54,"column":3}},"line":17},"2":{"name":"(anonymous_2)","decl":{"start":{"line":24,"column":24},"end":{"line":24,"column":25}},"loc":{"start":{"line":24,"column":30},"end":{"line":26,"column":9}},"line":24}},"branchMap":{"0":{"loc":{"start":{"line":12,"column":4},"end":{"line":14,"column":5}},"type":"if","locations":[{"start":{"line":12,"column":4},"end":{"line":14,"column":5}},{"start":{},"end":{}}],"line":12}},"s":{"0":0,"1":0,"2":0,"3":0,"4":0,"5":0},"f":{"0":0,"1":0,"2":0},"b":{"0":[0,0]}}
,"/Users/mapaction/Kaicedra/MapActionApp/src/slides/Acceuil.jsx": {"path":"/Users/mapaction/Kaicedra/MapActionApp/src/slides/Acceuil.jsx","statementMap":{"0":{"start":{"line":7,"column":18},"end":{"line":7,"column":58}},"1":{"start":{"line":9,"column":10},"end":{"line":13,"column":3}},"2":{"start":{"line":14,"column":15},"end":{"line":31,"column":3}},"3":{"start":{"line":15,"column":24},"end":{"line":15,"column":28}},"4":{"start":{"line":16,"column":4},"end":{"line":30,"column":6}},"5":{"start":{"line":32,"column":17},"end":{"line":40,"column":3}},"6":{"start":{"line":33,"column":4},"end":{"line":39,"column":6}},"7":{"start":{"line":41,"column":11},"end":{"line":43,"column":3}},"8":{"start":{"line":42,"column":4},"end":{"line":42,"column":54}},"9":{"start":{"line":45,"column":4},"end":{"line":67,"column":6}},"10":{"start":{"line":53,"column":34},"end":{"line":53,"column":42}},"11":{"start":{"line":54,"column":34},"end":{"line":54,"column":62}},"12":{"start":{"line":55,"column":34},"end":{"line":55,"column":64}},"13":{"start":{"line":59,"column":43},"end":{"line":59,"column":78}},"14":{"start":{"line":71,"column":15},"end":{"line":83,"column":2}}},"fnMap":{"0":{"name":"(anonymous_0)","decl":{"start":{"line":14,"column":15},"end":{"line":14,"column":16}},"loc":{"start":{"line":14,"column":29},"end":{"line":31,"column":3}},"line":14},"1":{"name":"(anonymous_1)","decl":{"start":{"line":32,"column":17},"end":{"line":32,"column":18}},"loc":{"start":{"line":32,"column":28},"end":{"line":40,"column":3}},"line":32},"2":{"name":"(anonymous_2)","decl":{"start":{"line":41,"column":11},"end":{"line":41,"column":12}},"loc":{"start":{"line":41,"column":17},"end":{"line":43,"column":3}},"line":41},"3":{"name":"(anonymous_3)","decl":{"start":{"line":44,"column":2},"end":{"line":44,"column":3}},"loc":{"start":{"line":44,"column":11},"end":{"line":68,"column":3}},"line":44},"4":{"name":"(anonymous_4)","decl":{"start":{"line":53,"column":24},"end":{"line":53,"column":25}},"loc":{"start":{"line":53,"column":34},"end":{"line":53,"column":42}},"line":53},"5":{"name":"(anonymous_5)","decl":{"start":{"line":54,"column":28},"end":{"line":54,"column":29}},"loc":{"start":{"line":54,"column":34},"end":{"line":54,"column":62}},"line":54},"6":{"name":"(anonymous_6)","decl":{"start":{"line":55,"column":28},"end":{"line":55,"column":29}},"loc":{"start":{"line":55,"column":34},"end":{"line":55,"column":64}},"line":55},"7":{"name":"(anonymous_7)","decl":{"start":{"line":59,"column":37},"end":{"line":59,"column":38}},"loc":{"start":{"line":59,"column":43},"end":{"line":59,"column":78}},"line":59}},"branchMap":{},"s":{"0":0,"1":0,"2":0,"3":0,"4":0,"5":0,"6":0,"7":0,"8":0,"9":0,"10":0,"11":0,"12":0,"13":0,"14":0},"f":{"0":0,"1":0,"2":0,"3":0,"4":0,"5":0,"6":0,"7":0},"b":{}}
,"/Users/mapaction/Kaicedra/MapActionApp/src/slides/Slide1.js": {"path":"/Users/mapaction/Kaicedra/MapActionApp/src/slides/Slide1.js","statementMap":{"0":{"start":{"line":4,"column":26},"end":{"line":4,"column":50}},"1":{"start":{"line":8,"column":4},"end":{"line":43,"column":6}}},"fnMap":{"0":{"name":"(anonymous_0)","decl":{"start":{"line":7,"column":2},"end":{"line":7,"column":3}},"loc":{"start":{"line":7,"column":11},"end":{"line":44,"column":3}},"line":7}},"branchMap":{},"s":{"0":0,"1":0},"f":{"0":0},"b":{}}
,"/Users/mapaction/Kaicedra/MapActionApp/src/slides/Slide2.js": {"path":"/Users/mapaction/Kaicedra/MapActionApp/src/slides/Slide2.js","statementMap":{"0":{"start":{"line":4,"column":26},"end":{"line":4,"column":50}},"1":{"start":{"line":7,"column":4},"end":{"line":40,"column":6}}},"fnMap":{"0":{"name":"(anonymous_0)","decl":{"start":{"line":6,"column":2},"end":{"line":6,"column":3}},"loc":{"start":{"line":6,"column":11},"end":{"line":41,"column":3}},"line":6}},"branchMap":{},"s":{"0":0,"1":0},"f":{"0":0},"b":{}}
,"/Users/mapaction/Kaicedra/MapActionApp/src/slides/Slide3.js": {"path":"/Users/mapaction/Kaicedra/MapActionApp/src/slides/Slide3.js","statementMap":{"0":{"start":{"line":4,"column":26},"end":{"line":4,"column":50}},"1":{"start":{"line":7,"column":4},"end":{"line":38,"column":6}},"2":{"start":{"line":43,"column":2},"end":{"line":43,"column":46}}},"fnMap":{"0":{"name":"(anonymous_0)","decl":{"start":{"line":6,"column":2},"end":{"line":6,"column":3}},"loc":{"start":{"line":6,"column":11},"end":{"line":39,"column":3}},"line":6},"1":{"name":"MyImage","decl":{"start":{"line":42,"column":16},"end":{"line":42,"column":23}},"loc":{"start":{"line":42,"column":46},"end":{"line":44,"column":1}},"line":42}},"branchMap":{},"s":{"0":0,"1":0,"2":0},"f":{"0":0,"1":0},"b":{}}
,"/Users/mapaction/Kaicedra/MapActionApp/src/slides/Welcome.js": {"path":"/Users/mapaction/Kaicedra/MapActionApp/src/slides/Welcome.js","statementMap":{"0":{"start":{"line":19,"column":10},"end":{"line":19,"column":40}},"1":{"start":{"line":22,"column":17},"end":{"line":22,"column":40}},"2":{"start":{"line":23,"column":13},"end":{"line":23,"column":18}},"3":{"start":{"line":24,"column":4},"end":{"line":38,"column":5}},"4":{"start":{"line":25,"column":6},"end":{"line":37,"column":7}},"5":{"start":{"line":26,"column":8},"end":{"line":26,"column":39}},"6":{"start":{"line":27,"column":26},"end":{"line":27,"column":47}},"7":{"start":{"line":29,"column":21},"end":{"line":29,"column":45}},"8":{"start":{"line":30,"column":8},"end":{"line":30,"column":45}},"9":{"start":{"line":31,"column":8},"end":{"line":31,"column":56}},"10":{"start":{"line":32,"column":8},"end":{"line":32,"column":45}},"11":{"start":{"line":33,"column":8},"end":{"line":33,"column":18}},"12":{"start":{"line":35,"column":8},"end":{"line":35,"column":23}},"13":{"start":{"line":36,"column":8},"end":{"line":36,"column":24}},"14":{"start":{"line":42,"column":4},"end":{"line":42,"column":38}},"15":{"start":{"line":43,"column":4},"end":{"line":49,"column":5}},"16":{"start":{"line":44,"column":6},"end":{"line":44,"column":56}},"17":{"start":{"line":46,"column":6},"end":{"line":48,"column":14}},"18":{"start":{"line":47,"column":8},"end":{"line":47,"column":49}},"19":{"start":{"line":52,"column":30},"end":{"line":52,"column":54}},"20":{"start":{"line":53,"column":4},"end":{"line":84,"column":6}},"21":{"start":{"line":88,"column":15},"end":{"line":98,"column":2}}},"fnMap":{"0":{"name":"(anonymous_0)","decl":{"start":{"line":21,"column":2},"end":{"line":21,"column":3}},"loc":{"start":{"line":21,"column":28},"end":{"line":50,"column":3}},"line":21},"1":{"name":"(anonymous_1)","decl":{"start":{"line":46,"column":17},"end":{"line":46,"column":18}},"loc":{"start":{"line":46,"column":23},"end":{"line":48,"column":7}},"line":46},"2":{"name":"(anonymous_2)","decl":{"start":{"line":51,"column":2},"end":{"line":51,"column":3}},"loc":{"start":{"line":51,"column":11},"end":{"line":85,"column":3}},"line":51}},"branchMap":{"0":{"loc":{"start":{"line":24,"column":4},"end":{"line":38,"column":5}},"type":"if","locations":[{"start":{"line":24,"column":4},"end":{"line":38,"column":5}},{"start":{},"end":{}}],"line":24},"1":{"loc":{"start":{"line":43,"column":4},"end":{"line":49,"column":5}},"type":"if","locations":[{"start":{"line":43,"column":4},"end":{"line":49,"column":5}},{"start":{"line":45,"column":11},"end":{"line":49,"column":5}}],"line":43},"2":{"loc":{"start":{"line":58,"column":28},"end":{"line":58,"column":56}},"type":"binary-expr","locations":[{"start":{"line":58,"column":28},"end":{"line":58,"column":51}},{"start":{"line":58,"column":55},"end":{"line":58,"column":56}}],"line":58}},"s":{"0":0,"1":0,"2":0,"3":0,"4":0,"5":0,"6":0,"7":0,"8":0,"9":0,"10":0,"11":0,"12":0,"13":0,"14":0,"15":0,"16":0,"17":0,"18":0,"19":0,"20":0,"21":0},"f":{"0":0,"1":0,"2":0},"b":{"0":[0,0],"1":[0,0],"2":[0,0]}}
,"/Users/mapaction/Kaicedra/MapActionApp/src/styles/global.js": {"path":"/Users/mapaction/Kaicedra/MapActionApp/src/styles/global.js","statementMap":{},"fnMap":{},"branchMap":{},"s":{},"f":{},"b":{}}
,"/Users/mapaction/Kaicedra/MapActionApp/src/utils/Constants.js": {"path":"/Users/mapaction/Kaicedra/MapActionApp/src/utils/Constants.js","statementMap":{"0":{"start":{"line":1,"column":20},"end":{"line":6,"column":3}},"1":{"start":{"line":7,"column":20},"end":{"line":68,"column":3}}},"fnMap":{},"branchMap":{},"s":{"0":0,"1":0},"f":{},"b":{}}
,"/Users/mapaction/Kaicedra/MapActionApp/src/utils/HeaderLeft.js": {"path":"/Users/mapaction/Kaicedra/MapActionApp/src/utils/HeaderLeft.js","statementMap":{"0":{"start":{"line":7,"column":19},"end":{"line":29,"column":1}},"1":{"start":{"line":8,"column":21},"end":{"line":8,"column":36}},"2":{"start":{"line":9,"column":29},"end":{"line":9,"column":44}},"3":{"start":{"line":10,"column":2},"end":{"line":28,"column":4}},"4":{"start":{"line":14,"column":8},"end":{"line":17,"column":9}},"5":{"start":{"line":15,"column":10},"end":{"line":15,"column":24}},"6":{"start":{"line":16,"column":10},"end":{"line":16,"column":30}}},"fnMap":{"0":{"name":"(anonymous_0)","decl":{"start":{"line":7,"column":19},"end":{"line":7,"column":20}},"loc":{"start":{"line":7,"column":35},"end":{"line":29,"column":1}},"line":7},"1":{"name":"(anonymous_1)","decl":{"start":{"line":13,"column":15},"end":{"line":13,"column":16}},"loc":{"start":{"line":13,"column":21},"end":{"line":18,"column":7}},"line":13}},"branchMap":{"0":{"loc":{"start":{"line":14,"column":8},"end":{"line":17,"column":9}},"type":"if","locations":[{"start":{"line":14,"column":8},"end":{"line":17,"column":9}},{"start":{},"end":{}}],"line":14}},"s":{"0":0,"1":0,"2":0,"3":0,"4":0,"5":0,"6":0},"f":{"0":0,"1":0},"b":{"0":[0,0]}}
,"/Users/mapaction/Kaicedra/MapActionApp/src/utils/Image.js": {"path":"/Users/mapaction/Kaicedra/MapActionApp/src/utils/Image.js","statementMap":{"0":{"start":{"line":5,"column":2},"end":{"line":5,"column":52}},"1":{"start":{"line":6,"column":24},"end":{"line":6,"column":51}},"2":{"start":{"line":8,"column":2},"end":{"line":17,"column":3}},"3":{"start":{"line":9,"column":4},"end":{"line":13,"column":7}},"4":{"start":{"line":14,"column":4},"end":{"line":16,"column":5}},"5":{"start":{"line":15,"column":6},"end":{"line":15,"column":20}},"6":{"start":{"line":19,"column":2},"end":{"line":19,"column":12}},"7":{"start":{"line":23,"column":42},"end":{"line":23,"column":64}},"8":{"start":{"line":24,"column":2},"end":{"line":27,"column":3}},"9":{"start":{"line":25,"column":23},"end":{"line":25,"column":48}},"10":{"start":{"line":26,"column":4},"end":{"line":26,"column":32}},"11":{"start":{"line":28,"column":2},"end":{"line":28,"column":14}}},"fnMap":{"0":{"name":"pickImage","decl":{"start":{"line":4,"column":30},"end":{"line":4,"column":39}},"loc":{"start":{"line":4,"column":42},"end":{"line":20,"column":1}},"line":4},"1":{"name":"getCameraPermission","decl":{"start":{"line":22,"column":22},"end":{"line":22,"column":41}},"loc":{"start":{"line":22,"column":44},"end":{"line":29,"column":1}},"line":22}},"branchMap":{"0":{"loc":{"start":{"line":8,"column":2},"end":{"line":17,"column":3}},"type":"if","locations":[{"start":{"line":8,"column":2},"end":{"line":17,"column":3}},{"start":{},"end":{}}],"line":8},"1":{"loc":{"start":{"line":14,"column":4},"end":{"line":16,"column":5}},"type":"if","locations":[{"start":{"line":14,"column":4},"end":{"line":16,"column":5}},{"start":{},"end":{}}],"line":14},"2":{"loc":{"start":{"line":24,"column":2},"end":{"line":27,"column":3}},"type":"if","locations":[{"start":{"line":24,"column":2},"end":{"line":27,"column":3}},{"start":{},"end":{}}],"line":24}},"s":{"0":0,"1":0,"2":0,"3":0,"4":0,"5":0,"6":0,"7":0,"8":0,"9":0,"10":0,"11":0},"f":{"0":0,"1":0},"b":{"0":[0,0],"1":[0,0],"2":[0,0]}}
,"/Users/mapaction/Kaicedra/MapActionApp/src/utils/SyncUtils.js": {"path":"/Users/mapaction/Kaicedra/MapActionApp/src/utils/SyncUtils.js","statementMap":{"0":{"start":{"line":8,"column":35},"end":{"line":41,"column":1}},"1":{"start":{"line":13,"column":2},"end":{"line":13,"column":21}},"2":{"start":{"line":15,"column":2},"end":{"line":40,"column":3}},"3":{"start":{"line":16,"column":21},"end":{"line":16,"column":68}},"4":{"start":{"line":18,"column":4},"end":{"line":34,"column":5}},"5":{"start":{"line":20,"column":6},"end":{"line":20,"column":42}},"6":{"start":{"line":22,"column":6},"end":{"line":26,"column":9}},"7":{"start":{"line":28,"column":6},"end":{"line":28,"column":38}},"8":{"start":{"line":29,"column":6},"end":{"line":33,"column":9}},"9":{"start":{"line":36,"column":4},"end":{"line":36,"column":53}},"10":{"start":{"line":37,"column":4},"end":{"line":37,"column":36}},"11":{"start":{"line":39,"column":4},"end":{"line":39,"column":24}},"12":{"start":{"line":44,"column":35},"end":{"line":52,"column":1}},"13":{"start":{"line":45,"column":2},"end":{"line":51,"column":3}},"14":{"start":{"line":46,"column":20},"end":{"line":46,"column":45}},"15":{"start":{"line":47,"column":4},"end":{"line":47,"column":19}},"16":{"start":{"line":49,"column":4},"end":{"line":49,"column":60}},"17":{"start":{"line":50,"column":4},"end":{"line":50,"column":16}}},"fnMap":{"0":{"name":"(anonymous_0)","decl":{"start":{"line":8,"column":35},"end":{"line":8,"column":36}},"loc":{"start":{"line":12,"column":5},"end":{"line":41,"column":1}},"line":12},"1":{"name":"(anonymous_1)","decl":{"start":{"line":44,"column":35},"end":{"line":44,"column":36}},"loc":{"start":{"line":44,"column":47},"end":{"line":52,"column":1}},"line":44}},"branchMap":{"0":{"loc":{"start":{"line":18,"column":4},"end":{"line":34,"column":5}},"type":"if","locations":[{"start":{"line":18,"column":4},"end":{"line":34,"column":5}},{"start":{"line":27,"column":11},"end":{"line":34,"column":5}}],"line":18}},"s":{"0":0,"1":0,"2":0,"3":0,"4":0,"5":0,"6":0,"7":0,"8":0,"9":0,"10":0,"11":0,"12":0,"13":0,"14":0,"15":0,"16":0,"17":0},"f":{"0":0,"1":0},"b":{"0":[0,0]}}
,"/Users/mapaction/Kaicedra/MapActionApp/src/utils/ToastUtils.js": {"path":"/Users/mapaction/Kaicedra/MapActionApp/src/utils/ToastUtils.js","statementMap":{"0":{"start":{"line":3,"column":25},"end":{"line":22,"column":1}},"1":{"start":{"line":4,"column":2},"end":{"line":21,"column":3}},"2":{"start":{"line":5,"column":4},"end":{"line":8,"column":7}},"3":{"start":{"line":9,"column":9},"end":{"line":21,"column":3}},"4":{"start":{"line":10,"column":4},"end":{"line":14,"column":7}},"5":{"start":{"line":16,"column":4},"end":{"line":20,"column":7}}},"fnMap":{"0":{"name":"(anonymous_0)","decl":{"start":{"line":3,"column":25},"end":{"line":3,"column":26}},"loc":{"start":{"line":3,"column":57},"end":{"line":22,"column":1}},"line":3}},"branchMap":{"0":{"loc":{"start":{"line":4,"column":2},"end":{"line":21,"column":3}},"type":"if","locations":[{"start":{"line":4,"column":2},"end":{"line":21,"column":3}},{"start":{"line":9,"column":9},"end":{"line":21,"column":3}}],"line":4},"1":{"loc":{"start":{"line":9,"column":9},"end":{"line":21,"column":3}},"type":"if","locations":[{"start":{"line":9,"column":9},"end":{"line":21,"column":3}},{"start":{"line":15,"column":9},"end":{"line":21,"column":3}}],"line":9}},"s":{"0":0,"1":0,"2":0,"3":0,"4":0,"5":0},"f":{"0":0},"b":{"0":[0,0],"1":[0,0]}}
,"/Users/mapaction/Kaicedra/MapActionApp/src/utils/Validator.js": {"path":"/Users/mapaction/Kaicedra/MapActionApp/src/utils/Validator.js","statementMap":{"0":{"start":{"line":3,"column":0},"end":{"line":12,"column":3}}},"fnMap":{},"branchMap":{},"s":{"0":0},"f":{},"b":{}}
,"/Users/mapaction/Kaicedra/MapActionApp/src/utils/backgroundTask.js": {"path":"/Users/mapaction/Kaicedra/MapActionApp/src/utils/backgroundTask.js","statementMap":{"0":{"start":{"line":7,"column":29},"end":{"line":7,"column":61}},"1":{"start":{"line":10,"column":0},"end":{"line":32,"column":3}},"2":{"start":{"line":11,"column":2},"end":{"line":31,"column":3}},"3":{"start":{"line":12,"column":20},"end":{"line":12,"column":41}},"4":{"start":{"line":13,"column":4},"end":{"line":24,"column":5}},"5":{"start":{"line":15,"column":29},"end":{"line":15,"column":56}},"6":{"start":{"line":17,"column":6},"end":{"line":23,"column":7}},"7":{"start":{"line":19,"column":8},"end":{"line":21,"column":9}},"8":{"start":{"line":20,"column":10},"end":{"line":20,"column":54}},"9":{"start":{"line":22,"column":8},"end":{"line":22,"column":48}},"10":{"start":{"line":27,"column":4},"end":{"line":27,"column":42}},"11":{"start":{"line":29,"column":4},"end":{"line":29,"column":52}},"12":{"start":{"line":30,"column":4},"end":{"line":30,"column":41}},"13":{"start":{"line":35,"column":38},"end":{"line":46,"column":1}},"14":{"start":{"line":36,"column":2},"end":{"line":45,"column":3}},"15":{"start":{"line":37,"column":4},"end":{"line":41,"column":7}},"16":{"start":{"line":42,"column":4},"end":{"line":42,"column":51}},"17":{"start":{"line":44,"column":4},"end":{"line":44,"column":64}}},"fnMap":{"0":{"name":"(anonymous_0)","decl":{"start":{"line":10,"column":45},"end":{"line":10,"column":46}},"loc":{"start":{"line":10,"column":57},"end":{"line":32,"column":1}},"line":10},"1":{"name":"(anonymous_1)","decl":{"start":{"line":20,"column":44},"end":{"line":20,"column":45}},"loc":{"start":{"line":20,"column":50},"end":{"line":20,"column":52}},"line":20},"2":{"name":"(anonymous_2)","decl":{"start":{"line":35,"column":38},"end":{"line":35,"column":39}},"loc":{"start":{"line":35,"column":50},"end":{"line":46,"column":1}},"line":35}},"branchMap":{"0":{"loc":{"start":{"line":13,"column":4},"end":{"line":24,"column":5}},"type":"if","locations":[{"start":{"line":13,"column":4},"end":{"line":24,"column":5}},{"start":{},"end":{}}],"line":13},"1":{"loc":{"start":{"line":17,"column":6},"end":{"line":23,"column":7}},"type":"if","locations":[{"start":{"line":17,"column":6},"end":{"line":23,"column":7}},{"start":{},"end":{}}],"line":17}},"s":{"0":0,"1":0,"2":0,"3":0,"4":0,"5":0,"6":0,"7":0,"8":0,"9":0,"10":0,"11":0,"12":0,"13":0,"14":0,"15":0,"16":0,"17":0},"f":{"0":0,"1":0,"2":0},"b":{"0":[0,0],"1":[0,0]}}
}
