TN:
SF:App.js
FN:12,App
FN:15,(anonymous_1)
FNF:2
FNH:0
FNDA:0,App
FNDA:0,(anonymous_1)
DA:10,0
DA:13,0
DA:15,0
DA:16,0
DA:18,0
DA:24,0
DA:25,0
DA:27,0
DA:34,0
DA:35,0
DA:42,0
LF:11
LH:0
BRDA:16,0,0,0
BRDA:16,0,1,0
BRDA:24,1,0,0
BRDA:24,1,1,0
BRDA:34,2,0,0
BRDA:34,2,1,0
BRF:6
BRH:0
end_of_record
TN:
SF:drizzle.config.js
FNF:0
FNH:0
DA:2,0
LF:1
LH:0
BRF:0
BRH:0
end_of_record
TN:
SF:metro.config.js
FNF:0
FNH:0
DA:1,0
DA:3,0
DA:4,0
DA:5,0
LF:4
LH:0
BRF:0
BRH:0
end_of_record
TN:
SF:react-native.config.js
FNF:0
FNH:0
DA:1,0
LF:1
LH:0
BRF:0
BRH:0
end_of_record
TN:
SF:drizzle/migrations.js
FNF:0
FNH:0
LF:0
LH:0
BRF:0
BRH:0
end_of_record
TN:
SF:src/MainApp.js
FN:19,App
FN:20,(anonymous_1)
FNF:2
FNH:0
FNDA:0,App
FNDA:0,(anonymous_1)
DA:17,0
DA:20,0
DA:21,0
DA:24,0
DA:41,0
LF:5
LH:0
BRF:0
BRH:0
end_of_record
TN:
SF:src/api/auth.js
FN:3,fetchCSRFToken
FN:16,register
FN:34,(anonymous_2)
FN:52,login
FN:65,verify_token
FN:68,refresh_token
FN:72,get_token
FN:75,getTokenByEmail
FN:78,login_with_google
FN:81,login_with_facebook
FN:84,login_with_apple
FNF:11
FNH:0
FNDA:0,fetchCSRFToken
FNDA:0,register
FNDA:0,(anonymous_2)
FNDA:0,login
FNDA:0,verify_token
FNDA:0,refresh_token
FNDA:0,get_token
FNDA:0,getTokenByEmail
FNDA:0,login_with_google
FNDA:0,login_with_facebook
FNDA:0,login_with_apple
DA:2,0
DA:4,0
DA:5,0
DA:6,0
DA:7,0
DA:8,0
DA:10,0
DA:11,0
DA:17,0
DA:18,0
DA:19,0
DA:20,0
DA:21,0
DA:22,0
DA:23,0
DA:24,0
DA:25,0
DA:26,0
DA:27,0
DA:34,0
DA:35,0
DA:37,0
DA:43,0
DA:44,0
DA:45,0
DA:46,0
DA:48,0
DA:53,0
DA:54,0
DA:55,0
DA:56,0
DA:57,0
DA:59,0
DA:60,0
DA:66,0
DA:69,0
DA:73,0
DA:76,0
DA:79,0
DA:82,0
DA:85,0
LF:41
LH:0
BRDA:20,0,0,0
BRDA:20,0,1,0
BRDA:24,1,0,0
BRDA:24,1,1,0
BRF:4
BRH:0
end_of_record
TN:
SF:src/api/challenge.js
FN:3,create_challenge
FN:25,(anonymous_1)
FN:32,(anonymous_2)
FN:36,list_challenge
FN:40,(anonymous_4)
FN:41,(anonymous_5)
FN:44,(anonymous_6)
FN:46,(anonymous_7)
FN:57,participate
FN:60,un_participate
FN:63,list_participate
FN:67,makeid
FNF:12
FNH:0
FNDA:0,create_challenge
FNDA:0,(anonymous_1)
FNDA:0,(anonymous_2)
FNDA:0,list_challenge
FNDA:0,(anonymous_4)
FNDA:0,(anonymous_5)
FNDA:0,(anonymous_6)
FNDA:0,(anonymous_7)
FNDA:0,participate
FNDA:0,un_participate
FNDA:0,list_participate
FNDA:0,makeid
DA:4,0
DA:5,0
DA:6,0
DA:7,0
DA:8,0
DA:9,0
DA:15,0
DA:16,0
DA:17,0
DA:18,0
DA:19,0
DA:25,0
DA:26,0
DA:28,0
DA:32,0
DA:38,0
DA:39,0
DA:40,0
DA:41,0
DA:42,0
DA:43,0
DA:44,0
DA:45,0
DA:46,0
DA:47,0
DA:48,0
DA:49,0
DA:52,0
DA:54,0
DA:58,0
DA:61,0
DA:64,0
DA:65,0
DA:68,0
DA:70,0
DA:71,0
DA:72,0
DA:73,0
DA:75,0
LF:39
LH:0
BRDA:5,0,0,0
BRDA:5,0,1,0
BRDA:15,1,0,0
BRDA:15,1,1,0
BRDA:32,2,0,0
BRDA:32,2,1,0
BRDA:32,3,0,0
BRDA:32,3,1,0
BRDA:46,4,0,0
BRDA:46,4,1,0
BRDA:48,5,0,0
BRDA:48,5,1,0
BRF:12
BRH:0
end_of_record
TN:
SF:src/api/communaute.js
FN:2,create_communaute
FN:7,list_communaute
FNF:2
FNH:0
FNDA:0,create_communaute
FNDA:0,list_communaute
DA:3,0
DA:8,0
DA:10,0
LF:3
LH:0
BRF:0
BRH:0
end_of_record
TN:
SF:src/api/http.js
FN:19,(anonymous_0)
FN:47,getUrl
FN:51,get
FN:53,(anonymous_3)
FN:56,post
FN:58,(anonymous_5)
FN:60,put
FN:62,(anonymous_7)
FN:64,deleteItem
FN:66,(anonymous_9)
FN:68,getOptions
FN:82,getImage
FN:99,upload
FN:101,(anonymous_13)
FN:115,makeid
FNF:15
FNH:0
FNDA:0,(anonymous_0)
FNDA:0,getUrl
FNDA:0,get
FNDA:0,(anonymous_3)
FNDA:0,post
FNDA:0,(anonymous_5)
FNDA:0,put
FNDA:0,(anonymous_7)
FNDA:0,deleteItem
FNDA:0,(anonymous_9)
FNDA:0,getOptions
FNDA:0,getImage
FNDA:0,upload
FNDA:0,(anonymous_13)
FNDA:0,makeid
DA:6,0
DA:7,0
DA:8,0
DA:11,0
DA:18,0
DA:19,0
DA:20,0
DA:21,0
DA:23,0
DA:24,0
DA:25,0
DA:26,0
DA:27,0
DA:28,0
DA:29,0
DA:30,0
DA:32,0
DA:34,0
DA:35,0
DA:36,0
DA:39,0
DA:41,0
DA:44,0
DA:48,0
DA:52,0
DA:53,0
DA:57,0
DA:58,0
DA:61,0
DA:62,0
DA:65,0
DA:66,0
DA:69,0
DA:70,0
DA:71,0
DA:72,0
DA:73,0
DA:74,0
DA:75,0
DA:78,0
DA:79,0
DA:83,0
DA:84,0
DA:85,0
DA:86,0
DA:88,0
DA:91,0
DA:94,0
DA:100,0
DA:102,0
DA:105,0
DA:112,0
DA:116,0
DA:118,0
DA:119,0
DA:120,0
DA:121,0
DA:123,0
LF:58
LH:0
BRDA:21,0,0,0
BRDA:21,0,1,0
BRDA:23,1,0,0
BRDA:23,1,1,0
BRDA:23,2,0,0
BRDA:23,2,1,0
BRDA:23,3,0,0
BRDA:23,3,1,0
BRDA:24,4,0,0
BRDA:24,4,1,0
BRDA:27,5,0,0
BRDA:27,5,1,0
BRDA:27,6,0,0
BRDA:27,6,1,0
BRDA:34,7,0,0
BRDA:34,7,1,0
BRDA:34,8,0,0
BRDA:34,8,1,0
BRDA:36,9,0,0
BRDA:36,9,1,0
BRDA:51,10,0,0
BRDA:56,11,0,0
BRDA:60,12,0,0
BRDA:64,13,0,0
BRDA:69,14,0,0
BRDA:69,14,1,0
BRDA:70,15,0,0
BRDA:70,15,1,0
BRDA:72,16,0,0
BRDA:72,16,1,0
BRDA:74,17,0,0
BRDA:74,17,1,0
BRDA:82,18,0,0
BRDA:83,19,0,0
BRDA:83,19,1,0
BRDA:84,20,0,0
BRDA:84,20,1,0
BRDA:85,21,0,0
BRDA:85,21,1,0
BRDA:94,22,0,0
BRDA:94,22,1,0
BRF:41
BRH:0
end_of_record
TN:
SF:src/api/incident.js
FN:4,create_incident
FN:39,(anonymous_1)
FN:48,update_incident
FN:52,list_incident
FN:58,(anonymous_4)
FN:73,list_categories
FN:79,list_zone
FNF:7
FNH:0
FNDA:0,create_incident
FNDA:0,(anonymous_1)
FNDA:0,update_incident
FNDA:0,list_incident
FNDA:0,(anonymous_4)
FNDA:0,list_categories
FNDA:0,list_zone
DA:8,0
DA:9,0
DA:10,0
DA:11,0
DA:12,0
DA:13,0
DA:19,0
DA:20,0
DA:21,0
DA:22,0
DA:23,0
DA:29,0
DA:30,0
DA:31,0
DA:32,0
DA:33,0
DA:39,0
DA:40,0
DA:43,0
DA:45,0
DA:49,0
DA:53,0
DA:55,0
DA:56,0
DA:57,0
DA:58,0
DA:59,0
DA:60,0
DA:61,0
DA:62,0
DA:64,0
DA:67,0
DA:70,0
DA:74,0
DA:76,0
DA:80,0
DA:82,0
LF:37
LH:0
BRDA:9,0,0,0
BRDA:9,0,1,0
BRDA:19,1,0,0
BRDA:19,1,1,0
BRDA:29,2,0,0
BRDA:29,2,1,0
BRDA:59,3,0,0
BRDA:59,3,1,0
BRF:8
BRH:0
end_of_record
TN:
SF:src/api/message.js
FN:4,create_message
FN:12,list_messages
FN:17,responsebymessage
FNF:3
FNH:0
FNDA:0,create_message
FNDA:0,list_messages
FNDA:0,responsebymessage
DA:5,0
DA:13,0
DA:14,0
DA:18,0
DA:19,0
LF:5
LH:0
BRF:0
BRH:0
end_of_record
TN:
SF:src/api/user.js
FN:3,list_user
FN:4,(anonymous_1)
FN:15,read_user
FN:19,update_user
FN:32,(anonymous_4)
FNF:5
FNH:0
FNDA:0,list_user
FNDA:0,(anonymous_1)
FNDA:0,read_user
FNDA:0,update_user
FNDA:0,(anonymous_4)
DA:4,0
DA:5,0
DA:6,0
DA:7,0
DA:8,0
DA:10,0
DA:12,0
DA:16,0
DA:20,0
DA:21,0
DA:22,0
DA:23,0
DA:24,0
DA:25,0
DA:32,0
DA:33,0
DA:36,0
DA:41,0
DA:42,0
DA:44,0
LF:20
LH:0
BRDA:6,0,0,0
BRDA:6,0,1,0
BRDA:19,1,0,0
BRDA:21,2,0,0
BRDA:21,2,1,0
BRDA:41,3,0,0
BRDA:41,3,1,0
BRF:7
BRH:0
end_of_record
TN:
SF:src/api/userStorage.js
FN:5,getUser
FN:8,setUser
FN:11,getData
FN:21,setData
FN:25,deleteData
FN:29,setIncident
FN:35,getIncidents
FN:39,logout
FNF:8
FNH:0
FNDA:0,getUser
FNDA:0,setUser
FNDA:0,getData
FNDA:0,setData
FNDA:0,deleteData
FNDA:0,setIncident
FNDA:0,getIncidents
FNDA:0,logout
DA:3,0
DA:4,0
DA:6,0
DA:9,0
DA:12,0
DA:13,0
DA:14,0
DA:16,0
DA:19,0
DA:22,0
DA:26,0
DA:30,0
DA:31,0
DA:32,0
DA:36,0
DA:40,0
DA:42,0
LF:17
LH:0
BRDA:11,0,0,0
BRDA:14,1,0,0
BRDA:14,1,1,0
BRF:3
BRH:0
end_of_record
TN:
SF:src/components/DrawerContent.jsx
FN:14,(anonymous_0)
FN:19,(anonymous_1)
FN:62,(anonymous_2)
FN:69,(anonymous_3)
FN:76,(anonymous_4)
FN:103,(anonymous_5)
FN:108,(anonymous_6)
FN:142,(anonymous_7)
FN:147,(anonymous_8)
FN:180,(anonymous_9)
FN:185,(anonymous_10)
FN:251,(anonymous_11)
FNF:12
FNH:0
FNDA:0,(anonymous_0)
FNDA:0,(anonymous_1)
FNDA:0,(anonymous_2)
FNDA:0,(anonymous_3)
FNDA:0,(anonymous_4)
FNDA:0,(anonymous_5)
FNDA:0,(anonymous_6)
FNDA:0,(anonymous_7)
FNDA:0,(anonymous_8)
FNDA:0,(anonymous_9)
FNDA:0,(anonymous_10)
FNDA:0,(anonymous_11)
DA:12,0
DA:15,0
DA:16,0
DA:20,0
DA:21,0
DA:23,0
DA:25,0
DA:62,0
DA:70,0
DA:76,0
DA:103,0
DA:104,0
DA:109,0
DA:142,0
DA:143,0
DA:148,0
DA:180,0
DA:181,0
DA:186,0
DA:213,0
DA:251,0
LF:21
LH:0
BRDA:14,0,0,0
BRDA:58,1,0,0
BRDA:58,1,1,0
BRDA:65,2,0,0
BRDA:65,2,1,0
BRDA:251,3,0,0
BRDA:251,3,1,0
BRF:7
BRH:0
end_of_record
TN:
SF:src/components/DrawerNavigation.jsx
FN:10,(anonymous_0)
FN:20,(anonymous_1)
FN:27,(anonymous_2)
FN:34,(anonymous_3)
FNF:4
FNH:0
FNDA:0,(anonymous_0)
FNDA:0,(anonymous_1)
FNDA:0,(anonymous_2)
FNDA:0,(anonymous_3)
DA:5,0
DA:11,0
DA:12,0
DA:14,0
DA:21,0
DA:27,0
DA:34,0
LF:7
LH:0
BRDA:34,0,0,0
BRDA:34,0,1,0
BRF:2
BRH:0
end_of_record
TN:
SF:src/components/ProfilStackNavigation.jsx
FN:11,(anonymous_0)
FN:19,(anonymous_1)
FNF:2
FNH:0
FNDA:0,(anonymous_0)
FNDA:0,(anonymous_1)
DA:5,0
DA:12,0
DA:13,0
DA:20,0
LF:4
LH:0
BRF:0
BRH:0
end_of_record
TN:
SF:src/components/StackNavigation.jsx
FN:46,(anonymous_0)
FN:76,(anonymous_1)
FN:89,(anonymous_2)
FN:112,(anonymous_3)
FNF:4
FNH:0
FNDA:0,(anonymous_0)
FNDA:0,(anonymous_1)
FNDA:0,(anonymous_2)
FNDA:0,(anonymous_3)
DA:33,0
DA:35,0
DA:46,0
DA:47,0
DA:48,0
DA:49,0
DA:52,0
DA:54,0
DA:55,0
DA:56,0
DA:59,0
DA:61,0
DA:63,0
DA:70,0
DA:80,0
DA:90,0
DA:94,0
DA:98,0
DA:103,0
DA:112,0
DA:113,0
DA:114,0
LF:22
LH:0
BRDA:47,0,0,0
BRDA:47,0,1,0
BRDA:47,1,0,0
BRDA:47,1,1,0
BRDA:54,2,0,0
BRDA:54,2,1,0
BRDA:54,3,0,0
BRDA:54,3,1,0
BRDA:59,4,0,0
BRDA:59,4,1,0
BRDA:61,5,0,0
BRDA:61,5,1,0
BRF:12
BRH:0
end_of_record
TN:
SF:src/components/TabBar.jsx
FN:6,TabBar
FN:8,(anonymous_1)
FNF:2
FNH:0
FNDA:0,TabBar
FNDA:0,(anonymous_1)
DA:7,0
DA:8,0
LF:2
LH:0
BRF:0
BRH:0
end_of_record
TN:
SF:src/components/TabNavigation.jsx
FN:16,(anonymous_0)
FN:40,(anonymous_1)
FN:57,(anonymous_2)
FN:58,(anonymous_3)
FN:66,(anonymous_4)
FN:71,(anonymous_5)
FN:89,(anonymous_6)
FN:96,(anonymous_7)
FNF:8
FNH:0
FNDA:0,(anonymous_0)
FNDA:0,(anonymous_1)
FNDA:0,(anonymous_2)
FNDA:0,(anonymous_3)
FNDA:0,(anonymous_4)
FNDA:0,(anonymous_5)
FNDA:0,(anonymous_6)
FNDA:0,(anonymous_7)
DA:13,0
DA:14,0
DA:17,0
DA:41,0
DA:58,0
DA:59,0
DA:66,0
DA:71,0
DA:72,0
DA:86,0
DA:90,0
DA:97,0
LF:12
LH:0
BRDA:26,0,0,0
BRDA:26,0,1,0
BRDA:59,1,0,0
BRDA:59,1,1,0
BRDA:67,2,0,0
BRDA:67,2,1,0
BRDA:68,3,0,0
BRDA:68,3,1,0
BRF:8
BRH:0
end_of_record
TN:
SF:src/context/ReportContext.js
FN:9,(anonymous_0)
FN:14,(anonymous_1)
FN:15,(anonymous_2)
FN:20,(anonymous_3)
FN:24,(anonymous_4)
FNF:5
FNH:0
FNDA:0,(anonymous_0)
FNDA:0,(anonymous_1)
FNDA:0,(anonymous_2)
FNDA:0,(anonymous_3)
FNDA:0,(anonymous_4)
DA:7,0
DA:9,0
DA:10,0
DA:11,0
DA:14,0
DA:15,0
DA:16,0
DA:17,0
DA:20,0
DA:24,0
DA:25,0
DA:27,0
DA:30,0
DA:31,0
DA:32,0
DA:34,0
DA:39,0
LF:17
LH:0
BRDA:25,0,0,0
BRDA:25,0,1,0
BRDA:31,1,0,0
BRDA:31,1,1,0
BRF:4
BRH:0
end_of_record
TN:
SF:src/db/client.js
FNF:0
FNH:0
DA:4,0
DA:8,0
LF:2
LH:0
BRF:0
BRH:0
end_of_record
TN:
SF:src/db/dbOperations.js
FN:6,(anonymous_0)
FN:34,(anonymous_1)
FN:47,(anonymous_2)
FNF:3
FNH:0
FNDA:0,(anonymous_0)
FNDA:0,(anonymous_1)
FNDA:0,(anonymous_2)
DA:6,0
DA:7,0
DA:8,0
DA:26,0
DA:28,0
DA:29,0
DA:34,0
DA:35,0
DA:36,0
DA:42,0
DA:47,0
DA:48,0
DA:49,0
DA:53,0
DA:55,0
DA:56,0
LF:16
LH:0
BRF:0
BRH:0
end_of_record
TN:
SF:src/db/schema.ts
FNF:0
FNH:0
DA:4,0
LF:1
LH:0
BRF:0
BRH:0
end_of_record
TN:
SF:src/pages/EmailLogin.jsx
FN:7,EmailLogin
FN:12,(anonymous_1)
FNF:2
FNH:0
FNDA:0,EmailLogin
FNDA:0,(anonymous_1)
DA:8,0
DA:9,0
DA:10,0
DA:12,0
DA:13,0
DA:14,0
DA:15,0
DA:16,0
DA:17,0
DA:18,0
DA:20,0
DA:23,0
DA:27,0
DA:71,0
LF:14
LH:0
BRDA:16,0,0,0
BRDA:16,0,1,0
BRF:2
BRH:0
end_of_record
TN:
SF:src/pages/Inscription.jsx
FN:40,(anonymous_0)
FN:70,(anonymous_1)
FN:76,(anonymous_2)
FN:88,(anonymous_3)
FN:93,(anonymous_4)
FN:95,(anonymous_5)
FN:102,(anonymous_6)
FN:118,(anonymous_7)
FN:125,(anonymous_8)
FN:141,(anonymous_9)
FN:169,(anonymous_10)
FN:181,(anonymous_11)
FN:193,(anonymous_12)
FN:206,(anonymous_13)
FN:217,(anonymous_14)
FN:230,(anonymous_15)
FN:243,(anonymous_16)
FN:253,(anonymous_17)
FN:263,(anonymous_18)
FN:265,(anonymous_19)
FN:267,(anonymous_20)
FNF:21
FNH:0
FNDA:0,(anonymous_0)
FNDA:0,(anonymous_1)
FNDA:0,(anonymous_2)
FNDA:0,(anonymous_3)
FNDA:0,(anonymous_4)
FNDA:0,(anonymous_5)
FNDA:0,(anonymous_6)
FNDA:0,(anonymous_7)
FNDA:0,(anonymous_8)
FNDA:0,(anonymous_9)
FNDA:0,(anonymous_10)
FNDA:0,(anonymous_11)
FNDA:0,(anonymous_12)
FNDA:0,(anonymous_13)
FNDA:0,(anonymous_14)
FNDA:0,(anonymous_15)
FNDA:0,(anonymous_16)
FNDA:0,(anonymous_17)
FNDA:0,(anonymous_18)
FNDA:0,(anonymous_19)
FNDA:0,(anonymous_20)
DA:26,0
DA:41,0
DA:42,0
DA:43,0
DA:57,0
DA:71,0
DA:85,0
DA:86,0
DA:87,0
DA:89,0
DA:90,0
DA:91,0
DA:94,0
DA:95,0
DA:96,0
DA:98,0
DA:103,0
DA:104,0
DA:105,0
DA:106,0
DA:107,0
DA:108,0
DA:109,0
DA:110,0
DA:111,0
DA:112,0
DA:113,0
DA:114,0
DA:115,0
DA:116,0
DA:118,0
DA:121,0
DA:122,0
DA:123,0
DA:124,0
DA:125,0
DA:126,0
DA:127,0
DA:129,0
DA:130,0
DA:131,0
DA:132,0
DA:134,0
DA:138,0
DA:142,0
DA:169,0
DA:181,0
DA:193,0
DA:206,0
DA:217,0
DA:230,0
DA:243,0
DA:253,0
DA:264,0
DA:265,0
DA:267,0
DA:293,0
LF:57
LH:0
BRDA:42,0,0,0
BRDA:42,0,1,0
BRDA:86,1,0,0
BRDA:86,1,1,0
BRDA:102,2,0,0
BRDA:123,3,0,0
BRDA:123,3,1,0
BRDA:130,4,0,0
BRDA:130,4,1,0
BRDA:131,5,0,0
BRDA:131,5,1,0
BRDA:144,6,0,0
BRDA:144,6,1,0
BRDA:147,7,0,0
BRDA:147,7,1,0
BRF:15
BRH:0
end_of_record
TN:
SF:src/pages/Login.jsx
FN:5,Login
FN:25,(anonymous_1)
FN:29,(anonymous_2)
FN:33,(anonymous_3)
FN:37,(anonymous_4)
FNF:5
FNH:0
FNDA:0,Login
FNDA:0,(anonymous_1)
FNDA:0,(anonymous_2)
FNDA:0,(anonymous_3)
FNDA:0,(anonymous_4)
DA:6,0
DA:7,0
DA:25,0
DA:29,0
DA:33,0
DA:37,0
DA:44,0
LF:7
LH:0
BRF:0
BRH:0
end_of_record
TN:
SF:src/pages/PhoneLogin.jsx
FN:5,PhoneLogin
FN:34,(anonymous_1)
FNF:2
FNH:0
FNDA:0,PhoneLogin
FNDA:0,(anonymous_1)
DA:6,0
DA:7,0
DA:42,0
LF:3
LH:0
BRF:0
BRH:0
end_of_record
TN:
SF:src/pages/SocialLogin.jsx
FN:5,SocialLogin
FN:24,(anonymous_1)
FN:29,(anonymous_2)
FNF:3
FNH:0
FNDA:0,SocialLogin
FNDA:0,(anonymous_1)
FNDA:0,(anonymous_2)
DA:6,0
DA:39,0
LF:2
LH:0
BRF:0
BRH:0
end_of_record
TN:
SF:src/redux/root.js
FNF:0
FNH:0
DA:6,0
LF:1
LH:0
BRF:0
BRH:0
end_of_record
TN:
SF:src/redux/communautes/action.js
FN:3,onGetCommunaute
FN:5,(anonymous_1)
FNF:2
FNH:0
FNDA:0,onGetCommunaute
FNDA:0,(anonymous_1)
DA:4,0
DA:5,0
DA:6,0
LF:3
LH:0
BRF:0
BRH:0
end_of_record
TN:
SF:src/redux/communautes/constantes.js
FNF:0
FNH:0
LF:0
LH:0
BRF:0
BRH:0
end_of_record
TN:
SF:src/redux/communautes/participate.js
FN:2,(anonymous_0)
FNF:1
FNH:0
FNDA:0,(anonymous_0)
DA:3,0
DA:5,0
DA:8,0
LF:3
LH:0
BRDA:2,0,0,0
BRDA:2,1,0,0
BRDA:3,2,0,0
BRDA:3,2,1,0
BRF:4
BRH:0
end_of_record
TN:
SF:src/redux/incidents/action.js
FN:3,onGetIncidents
FN:5,(anonymous_1)
FN:9,onAddIncident
FN:11,(anonymous_3)
FN:16,onDeleteIncident
FN:18,(anonymous_5)
FN:22,onEditIncident
FN:24,(anonymous_7)
FNF:8
FNH:0
FNDA:0,onGetIncidents
FNDA:0,(anonymous_1)
FNDA:0,onAddIncident
FNDA:0,(anonymous_3)
FNDA:0,onDeleteIncident
FNDA:0,(anonymous_5)
FNDA:0,onEditIncident
FNDA:0,(anonymous_7)
DA:4,0
DA:5,0
DA:6,0
DA:10,0
DA:11,0
DA:12,0
DA:17,0
DA:18,0
DA:19,0
DA:23,0
DA:24,0
DA:25,0
LF:12
LH:0
BRF:0
BRH:0
end_of_record
TN:
SF:src/redux/incidents/constantes.js
FNF:0
FNH:0
LF:0
LH:0
BRF:0
BRH:0
end_of_record
TN:
SF:src/redux/incidents/incident.js
FN:2,(anonymous_0)
FN:9,(anonymous_1)
FN:12,(anonymous_2)
FNF:3
FNH:0
FNDA:0,(anonymous_0)
FNDA:0,(anonymous_1)
FNDA:0,(anonymous_2)
DA:3,0
DA:5,0
DA:7,0
DA:9,0
DA:11,0
DA:12,0
DA:13,0
DA:14,0
DA:16,0
LF:9
LH:0
BRDA:2,0,0,0
BRDA:2,1,0,0
BRDA:3,2,0,0
BRDA:3,2,1,0
BRDA:3,2,2,0
BRDA:3,2,3,0
BRDA:3,2,4,0
BRF:7
BRH:0
end_of_record
TN:
SF:src/redux/user/action.js
FN:4,onLogin
FN:8,onGetUsers
FN:12,onLogout
FNF:3
FNH:0
FNDA:0,onLogin
FNDA:0,onGetUsers
FNDA:0,onLogout
DA:5,0
DA:9,0
DA:13,0
LF:3
LH:0
BRF:0
BRH:0
end_of_record
TN:
SF:src/redux/user/constantes.js
FNF:0
FNH:0
LF:0
LH:0
BRF:0
BRH:0
end_of_record
TN:
SF:src/redux/user/user.js
FN:2,(anonymous_0)
FNF:1
FNH:0
FNDA:0,(anonymous_0)
DA:3,0
DA:5,0
DA:7,0
DA:9,0
DA:11,0
LF:5
LH:0
BRDA:2,0,0,0
BRDA:2,1,0,0
BRDA:3,2,0,0
BRDA:3,2,1,0
BRDA:3,2,2,0
BRDA:3,2,3,0
BRF:6
BRH:0
end_of_record
TN:
SF:src/screens/CameraScreen.jsx
FN:18,App
FN:29,(anonymous_1)
FN:58,(anonymous_2)
FN:73,(anonymous_3)
FN:87,(anonymous_4)
FN:95,(anonymous_5)
FN:124,(anonymous_6)
FNF:7
FNH:0
FNDA:0,App
FNDA:0,(anonymous_1)
FNDA:0,(anonymous_2)
FNDA:0,(anonymous_3)
FNDA:0,(anonymous_4)
FNDA:0,(anonymous_5)
FNDA:0,(anonymous_6)
DA:19,0
DA:20,0
DA:26,0
DA:29,0
DA:30,0
DA:31,0
DA:32,0
DA:33,0
DA:34,0
DA:38,0
DA:39,0
DA:42,0
DA:43,0
DA:44,0
DA:46,0
DA:48,0
DA:52,0
DA:54,0
DA:58,0
DA:59,0
DA:63,0
DA:64,0
DA:65,0
DA:66,0
DA:67,0
DA:68,0
DA:69,0
DA:73,0
DA:74,0
DA:75,0
DA:76,0
DA:78,0
DA:81,0
DA:87,0
DA:95,0
DA:124,0
DA:125,0
DA:136,0
LF:38
LH:0
BRDA:33,0,0,0
BRDA:33,0,1,0
BRDA:63,1,0,0
BRDA:63,1,1,0
BRDA:65,2,0,0
BRDA:65,2,1,0
BRDA:67,3,0,0
BRDA:67,3,1,0
BRDA:74,4,0,0
BRDA:74,4,1,0
BRDA:74,5,0,0
BRDA:74,5,1,0
BRDA:74,5,2,0
BRDA:102,6,0,0
BRDA:102,6,1,0
BRDA:109,7,0,0
BRDA:109,7,1,0
BRDA:115,8,0,0
BRDA:115,8,1,0
BRDA:127,9,0,0
BRDA:127,9,1,0
BRF:21
BRH:0
end_of_record
TN:
SF:src/screens/HomeScreen.jsx
FNF:0
FNH:0
LF:0
LH:0
BRF:0
BRH:0
end_of_record
TN:
SF:src/screens/ProfileScreen.jsx
FNF:0
FNH:0
LF:0
LH:0
BRF:0
BRH:0
end_of_record
TN:
SF:src/screens/newScreen/Camera.js
FN:9,Scan
FN:10,(anonymous_1)
FN:11,requestCameraPermissionAndLaunch
FN:32,(anonymous_3)
FN:38,(anonymous_4)
FN:42,(anonymous_5)
FNF:6
FNH:0
FNDA:0,Scan
FNDA:0,(anonymous_1)
FNDA:0,requestCameraPermissionAndLaunch
FNDA:0,(anonymous_3)
FNDA:0,(anonymous_4)
FNDA:0,(anonymous_5)
DA:5,0
DA:6,0
DA:7,0
DA:10,0
DA:12,0
DA:13,0
DA:14,0
DA:15,0
DA:16,0
DA:19,0
DA:25,0
DA:26,0
DA:28,0
DA:32,0
DA:33,0
DA:34,0
DA:38,0
DA:39,0
DA:42,0
DA:43,0
DA:46,0
LF:21
LH:0
BRDA:13,0,0,0
BRDA:13,0,1,0
BRDA:25,1,0,0
BRDA:25,1,1,0
BRF:4
BRH:0
end_of_record
TN:
SF:src/screens/newScreen/DBSqlite.js
FN:6,(anonymous_0)
FN:7,(anonymous_1)
FN:11,(anonymous_2)
FN:12,(anonymous_3)
FN:17,(anonymous_4)
FN:18,(anonymous_5)
FN:22,(anonymous_6)
FN:23,(anonymous_7)
FNF:8
FNH:0
FNDA:0,(anonymous_0)
FNDA:0,(anonymous_1)
FNDA:0,(anonymous_2)
FNDA:0,(anonymous_3)
FNDA:0,(anonymous_4)
FNDA:0,(anonymous_5)
FNDA:0,(anonymous_6)
FNDA:0,(anonymous_7)
DA:4,0
DA:6,0
DA:7,0
DA:8,0
DA:11,0
DA:12,0
DA:17,0
DA:18,0
DA:19,0
DA:22,0
DA:23,0
LF:11
LH:0
BRF:0
BRH:0
end_of_record
TN:
SF:src/screens/newScreen/Dashboard.jsx
FN:25,(anonymous_0)
FN:28,(anonymous_1)
FN:50,(anonymous_2)
FN:53,(anonymous_3)
FN:55,(anonymous_4)
FN:61,(anonymous_5)
FN:64,(anonymous_6)
FN:66,(anonymous_7)
FN:71,(anonymous_8)
FN:73,(anonymous_9)
FN:78,(anonymous_10)
FN:80,(anonymous_11)
FN:84,(anonymous_12)
FN:96,(anonymous_13)
FN:105,(anonymous_14)
FN:167,(anonymous_15)
FN:187,(anonymous_16)
FN:188,(anonymous_17)
FN:311,(anonymous_18)
FNF:19
FNH:0
FNDA:0,(anonymous_0)
FNDA:0,(anonymous_1)
FNDA:0,(anonymous_2)
FNDA:0,(anonymous_3)
FNDA:0,(anonymous_4)
FNDA:0,(anonymous_5)
FNDA:0,(anonymous_6)
FNDA:0,(anonymous_7)
FNDA:0,(anonymous_8)
FNDA:0,(anonymous_9)
FNDA:0,(anonymous_10)
FNDA:0,(anonymous_11)
FNDA:0,(anonymous_12)
FNDA:0,(anonymous_13)
FNDA:0,(anonymous_14)
FNDA:0,(anonymous_15)
FNDA:0,(anonymous_16)
FNDA:0,(anonymous_17)
FNDA:0,(anonymous_18)
DA:22,0
DA:26,0
DA:29,0
DA:30,0
DA:31,0
DA:32,0
DA:33,0
DA:34,0
DA:36,0
DA:39,0
DA:40,0
DA:41,0
DA:42,0
DA:44,0
DA:48,0
DA:50,0
DA:51,0
DA:52,0
DA:53,0
DA:54,0
DA:55,0
DA:56,0
DA:59,0
DA:61,0
DA:62,0
DA:63,0
DA:64,0
DA:65,0
DA:66,0
DA:68,0
DA:71,0
DA:72,0
DA:73,0
DA:74,0
DA:75,0
DA:79,0
DA:80,0
DA:85,0
DA:86,0
DA:87,0
DA:91,0
DA:96,0
DA:105,0
DA:168,0
DA:187,0
DA:189,0
DA:227,0
DA:311,0
LF:48
LH:0
BRDA:31,0,0,0
BRDA:31,0,1,0
BRDA:39,1,0,0
BRDA:39,1,1,0
BRDA:54,2,0,0
BRDA:54,2,1,0
BRDA:55,3,0,0
BRDA:55,3,1,0
BRDA:65,4,0,0
BRDA:65,4,1,0
BRDA:66,5,0,0
BRDA:66,5,1,0
BRDA:147,6,0,0
BRDA:147,6,1,0
BRDA:312,7,0,0
BRDA:312,7,1,0
BRF:16
BRH:0
end_of_record
TN:
SF:src/screens/newScreen/DataJourney.js
FN:4,DataJourney
FNF:1
FNH:0
FNDA:0,DataJourney
DA:5,0
DA:13,0
LF:2
LH:0
BRF:0
BRH:0
end_of_record
TN:
SF:src/screens/newScreen/Gallery.js
FN:9,(anonymous_0)
FN:22,(anonymous_1)
FN:23,(anonymous_2)
FN:28,(anonymous_3)
FN:40,(anonymous_4)
FN:45,(anonymous_5)
FNF:6
FNH:0
FNDA:0,(anonymous_0)
FNDA:0,(anonymous_1)
FNDA:0,(anonymous_2)
FNDA:0,(anonymous_3)
FNDA:0,(anonymous_4)
FNDA:0,(anonymous_5)
DA:6,0
DA:7,0
DA:15,0
DA:22,0
DA:24,0
DA:26,0
DA:28,0
DA:40,0
DA:41,0
DA:42,0
DA:43,0
DA:45,0
DA:46,0
DA:51,0
DA:55,0
DA:59,0
LF:16
LH:0
BRF:0
BRH:0
end_of_record
TN:
SF:src/screens/newScreen/IncidentForm.js
FN:24,(anonymous_0)
FN:28,(anonymous_1)
FN:29,(anonymous_2)
FN:49,(anonymous_3)
FN:63,(anonymous_4)
FN:64,(anonymous_5)
FN:71,(anonymous_6)
FN:79,(anonymous_7)
FN:86,(anonymous_8)
FN:103,(anonymous_9)
FN:122,(anonymous_10)
FN:126,(anonymous_11)
FN:189,(anonymous_12)
FNF:13
FNH:0
FNDA:0,(anonymous_0)
FNDA:0,(anonymous_1)
FNDA:0,(anonymous_2)
FNDA:0,(anonymous_3)
FNDA:0,(anonymous_4)
FNDA:0,(anonymous_5)
FNDA:0,(anonymous_6)
FNDA:0,(anonymous_7)
FNDA:0,(anonymous_8)
FNDA:0,(anonymous_9)
FNDA:0,(anonymous_10)
FNDA:0,(anonymous_11)
FNDA:0,(anonymous_12)
DA:24,0
DA:25,0
DA:26,0
DA:27,0
DA:28,0
DA:29,0
DA:31,0
DA:32,0
DA:33,0
DA:34,0
DA:35,0
DA:36,0
DA:37,0
DA:38,0
DA:39,0
DA:40,0
DA:41,0
DA:42,0
DA:43,0
DA:44,0
DA:45,0
DA:46,0
DA:47,0
DA:49,0
DA:50,0
DA:51,0
DA:55,0
DA:56,0
DA:59,0
DA:63,0
DA:64,0
DA:65,0
DA:72,0
DA:76,0
DA:79,0
DA:86,0
DA:87,0
DA:88,0
DA:89,0
DA:90,0
DA:91,0
DA:92,0
DA:93,0
DA:94,0
DA:95,0
DA:98,0
DA:99,0
DA:100,0
DA:104,0
DA:105,0
DA:111,0
DA:112,0
DA:113,0
DA:114,0
DA:115,0
DA:119,0
DA:122,0
DA:123,0
DA:126,0
DA:127,0
DA:128,0
DA:129,0
DA:136,0
DA:206,0
LF:64
LH:0
BRDA:31,0,0,0
BRDA:31,0,1,0
BRDA:32,1,0,0
BRDA:32,1,1,0
BRDA:33,2,0,0
BRDA:33,2,1,0
BRDA:34,3,0,0
BRDA:34,3,1,0
BRDA:36,4,0,0
BRDA:36,4,1,0
BRDA:38,5,0,0
BRDA:38,5,1,0
BRDA:55,6,0,0
BRDA:55,6,1,0
BRDA:92,7,0,0
BRDA:92,7,1,0
BRDA:99,8,0,0
BRDA:99,8,1,0
BRDA:99,9,0,0
BRDA:99,9,1,0
BRDA:113,10,0,0
BRDA:113,10,1,0
BRDA:128,11,0,0
BRDA:128,11,1,0
BRDA:192,12,0,0
BRDA:192,12,1,0
BRF:26
BRH:0
end_of_record
TN:
SF:src/screens/newScreen/Profil.jsx
FN:32,(anonymous_0)
FN:35,(anonymous_1)
FN:39,(anonymous_2)
FN:45,(anonymous_3)
FN:57,(anonymous_4)
FN:61,(anonymous_5)
FN:79,(anonymous_6)
FN:124,(anonymous_7)
FN:137,(anonymous_8)
FN:188,(anonymous_9)
FN:241,(anonymous_10)
FN:262,(anonymous_11)
FN:269,(anonymous_12)
FN:271,(anonymous_13)
FN:301,(anonymous_14)
FN:426,(anonymous_15)
FNF:16
FNH:0
FNDA:0,(anonymous_0)
FNDA:0,(anonymous_1)
FNDA:0,(anonymous_2)
FNDA:0,(anonymous_3)
FNDA:0,(anonymous_4)
FNDA:0,(anonymous_5)
FNDA:0,(anonymous_6)
FNDA:0,(anonymous_7)
FNDA:0,(anonymous_8)
FNDA:0,(anonymous_9)
FNDA:0,(anonymous_10)
FNDA:0,(anonymous_11)
FNDA:0,(anonymous_12)
FNDA:0,(anonymous_13)
FNDA:0,(anonymous_14)
FNDA:0,(anonymous_15)
DA:23,0
DA:33,0
DA:36,0
DA:37,0
DA:40,0
DA:41,0
DA:42,0
DA:43,0
DA:45,0
DA:46,0
DA:47,0
DA:52,0
DA:53,0
DA:57,0
DA:69,0
DA:70,0
DA:72,0
DA:79,0
DA:124,0
DA:189,0
DA:242,0
DA:262,0
DA:270,0
DA:272,0
DA:301,0
DA:323,0
DA:426,0
LF:27
LH:0
BRDA:39,0,0,0
BRDA:40,1,0,0
BRDA:40,1,1,0
BRDA:52,2,0,0
BRDA:52,2,1,0
BRDA:74,3,0,0
BRDA:74,3,1,0
BRDA:286,4,0,0
BRDA:286,4,1,0
BRDA:427,5,0,0
BRDA:427,5,1,0
BRDA:428,6,0,0
BRDA:428,6,1,0
BRF:13
BRH:0
end_of_record
TN:
SF:src/shared/Config.js
FN:17,navigationOption
FN:22,(anonymous_1)
FNF:2
FNH:0
FNDA:0,navigationOption
FNDA:0,(anonymous_1)
DA:4,0
DA:5,0
DA:7,0
DA:9,0
DA:18,0
DA:22,0
DA:25,0
LF:7
LH:0
BRDA:5,0,0,0
BRDA:5,0,1,0
BRF:2
BRH:0
end_of_record
TN:
SF:src/shared/Header.jsx
FN:11,(anonymous_0)
FN:31,(anonymous_1)
FN:58,(anonymous_2)
FN:87,(anonymous_3)
FNF:4
FNH:0
FNDA:0,(anonymous_0)
FNDA:0,(anonymous_1)
FNDA:0,(anonymous_2)
FNDA:0,(anonymous_3)
DA:10,0
DA:11,0
DA:12,0
DA:13,0
DA:16,0
DA:31,0
DA:59,0
DA:87,0
LF:8
LH:0
BRDA:12,0,0,0
BRDA:12,0,1,0
BRDA:29,1,0,0
BRDA:29,1,1,0
BRDA:37,2,0,0
BRDA:37,2,1,0
BRDA:38,3,0,0
BRDA:38,3,1,0
BRDA:38,3,2,0
BRDA:46,4,0,0
BRDA:46,4,1,0
BRDA:54,5,0,0
BRDA:54,5,1,0
BRDA:56,6,0,0
BRDA:56,6,1,0
BRDA:56,6,2,0
BRDA:56,6,3,0
BRDA:87,7,0,0
BRDA:87,7,1,0
BRF:19
BRH:0
end_of_record
TN:
SF:src/shared/Icon.js
FN:5,(anonymous_0)
FNF:1
FNH:0
FNDA:0,(anonymous_0)
DA:6,0
DA:7,0
DA:8,0
DA:10,0
LF:4
LH:0
BRDA:7,0,0,0
BRDA:7,0,1,0
BRF:2
BRH:0
end_of_record
TN:
SF:src/shared/Popup.js
FN:11,(anonymous_0)
FN:17,(anonymous_1)
FN:24,(anonymous_2)
FNF:3
FNH:0
FNDA:0,(anonymous_0)
FNDA:0,(anonymous_1)
FNDA:0,(anonymous_2)
DA:4,0
DA:7,0
DA:12,0
DA:13,0
DA:18,0
DA:25,0
LF:6
LH:0
BRDA:12,0,0,0
BRDA:12,0,1,0
BRF:2
BRH:0
end_of_record
TN:
SF:src/slides/Acceuil.jsx
FN:14,(anonymous_0)
FN:32,(anonymous_1)
FN:41,(anonymous_2)
FN:44,(anonymous_3)
FN:53,(anonymous_4)
FN:54,(anonymous_5)
FN:55,(anonymous_6)
FN:59,(anonymous_7)
FNF:8
FNH:0
FNDA:0,(anonymous_0)
FNDA:0,(anonymous_1)
FNDA:0,(anonymous_2)
FNDA:0,(anonymous_3)
FNDA:0,(anonymous_4)
FNDA:0,(anonymous_5)
FNDA:0,(anonymous_6)
FNDA:0,(anonymous_7)
DA:7,0
DA:9,0
DA:14,0
DA:15,0
DA:16,0
DA:32,0
DA:33,0
DA:41,0
DA:42,0
DA:45,0
DA:53,0
DA:54,0
DA:55,0
DA:59,0
DA:71,0
LF:15
LH:0
BRF:0
BRH:0
end_of_record
TN:
SF:src/slides/Slide1.js
FN:7,(anonymous_0)
FNF:1
FNH:0
FNDA:0,(anonymous_0)
DA:4,0
DA:8,0
LF:2
LH:0
BRF:0
BRH:0
end_of_record
TN:
SF:src/slides/Slide2.js
FN:6,(anonymous_0)
FNF:1
FNH:0
FNDA:0,(anonymous_0)
DA:4,0
DA:7,0
LF:2
LH:0
BRF:0
BRH:0
end_of_record
TN:
SF:src/slides/Slide3.js
FN:6,(anonymous_0)
FN:42,MyImage
FNF:2
FNH:0
FNDA:0,(anonymous_0)
FNDA:0,MyImage
DA:4,0
DA:7,0
DA:43,0
LF:3
LH:0
BRF:0
BRH:0
end_of_record
TN:
SF:src/slides/Welcome.js
FN:21,(anonymous_0)
FN:46,(anonymous_1)
FN:51,(anonymous_2)
FNF:3
FNH:0
FNDA:0,(anonymous_0)
FNDA:0,(anonymous_1)
FNDA:0,(anonymous_2)
DA:19,0
DA:22,0
DA:23,0
DA:24,0
DA:25,0
DA:26,0
DA:27,0
DA:29,0
DA:30,0
DA:31,0
DA:32,0
DA:33,0
DA:35,0
DA:36,0
DA:42,0
DA:43,0
DA:44,0
DA:46,0
DA:47,0
DA:52,0
DA:53,0
DA:88,0
LF:22
LH:0
BRDA:24,0,0,0
BRDA:24,0,1,0
BRDA:43,1,0,0
BRDA:43,1,1,0
BRDA:58,2,0,0
BRDA:58,2,1,0
BRF:6
BRH:0
end_of_record
TN:
SF:src/styles/global.js
FNF:0
FNH:0
LF:0
LH:0
BRF:0
BRH:0
end_of_record
TN:
SF:src/utils/Constants.js
FNF:0
FNH:0
DA:1,0
DA:7,0
LF:2
LH:0
BRF:0
BRH:0
end_of_record
TN:
SF:src/utils/HeaderLeft.js
FN:7,(anonymous_0)
FN:13,(anonymous_1)
FNF:2
FNH:0
FNDA:0,(anonymous_0)
FNDA:0,(anonymous_1)
DA:7,0
DA:8,0
DA:9,0
DA:10,0
DA:14,0
DA:15,0
DA:16,0
LF:7
LH:0
BRDA:14,0,0,0
BRDA:14,0,1,0
BRF:2
BRH:0
end_of_record
TN:
SF:src/utils/Image.js
FN:4,pickImage
FN:22,getCameraPermission
FNF:2
FNH:0
FNDA:0,pickImage
FNDA:0,getCameraPermission
DA:5,0
DA:6,0
DA:8,0
DA:9,0
DA:14,0
DA:15,0
DA:19,0
DA:23,0
DA:24,0
DA:25,0
DA:26,0
DA:28,0
LF:12
LH:0
BRDA:8,0,0,0
BRDA:8,0,1,0
BRDA:14,1,0,0
BRDA:14,1,1,0
BRDA:24,2,0,0
BRDA:24,2,1,0
BRF:6
BRH:0
end_of_record
TN:
SF:src/utils/SyncUtils.js
FN:8,(anonymous_0)
FN:44,(anonymous_1)
FNF:2
FNH:0
FNDA:0,(anonymous_0)
FNDA:0,(anonymous_1)
DA:8,0
DA:13,0
DA:15,0
DA:16,0
DA:18,0
DA:20,0
DA:22,0
DA:28,0
DA:29,0
DA:36,0
DA:37,0
DA:39,0
DA:44,0
DA:45,0
DA:46,0
DA:47,0
DA:49,0
DA:50,0
LF:18
LH:0
BRDA:18,0,0,0
BRDA:18,0,1,0
BRF:2
BRH:0
end_of_record
TN:
SF:src/utils/ToastUtils.js
FN:3,(anonymous_0)
FNF:1
FNH:0
FNDA:0,(anonymous_0)
DA:3,0
DA:4,0
DA:5,0
DA:9,0
DA:10,0
DA:16,0
LF:6
LH:0
BRDA:4,0,0,0
BRDA:4,0,1,0
BRDA:9,1,0,0
BRDA:9,1,1,0
BRF:4
BRH:0
end_of_record
TN:
SF:src/utils/Validator.js
FNF:0
FNH:0
DA:3,0
LF:1
LH:0
BRF:0
BRH:0
end_of_record
TN:
SF:src/utils/backgroundTask.js
FN:10,(anonymous_0)
FN:20,(anonymous_1)
FN:35,(anonymous_2)
FNF:3
FNH:0
FNDA:0,(anonymous_0)
FNDA:0,(anonymous_1)
FNDA:0,(anonymous_2)
DA:7,0
DA:10,0
DA:11,0
DA:12,0
DA:13,0
DA:15,0
DA:17,0
DA:19,0
DA:20,0
DA:22,0
DA:27,0
DA:29,0
DA:30,0
DA:35,0
DA:36,0
DA:37,0
DA:42,0
DA:44,0
LF:18
LH:0
BRDA:13,0,0,0
BRDA:13,0,1,0
BRDA:17,1,0,0
BRDA:17,1,1,0
BRF:4
BRH:0
end_of_record
