TN:
SF:App.js
FN:12,App
FN:15,(anonymous_1)
FNF:2
FNH:1
FNDA:4,App
FNDA:0,(anonymous_1)
DA:10,1
DA:13,4
DA:15,4
DA:16,0
DA:18,0
DA:24,4
DA:25,1
DA:27,1
DA:34,3
DA:35,1
DA:42,2
LF:11
LH:9
BRDA:16,0,0,0
BRDA:16,0,1,0
BRDA:24,1,0,1
BRDA:24,1,1,3
BRDA:34,2,0,1
BRDA:34,2,1,2
BRF:6
BRH:4
end_of_record
TN:
SF:Deeplinking.js
FN:5,(anonymous_0)
FN:8,(anonymous_1)
FN:9,(anonymous_2)
FN:21,(anonymous_3)
FN:25,(anonymous_4)
FNF:5
FNH:5
FNDA:7,(anonymous_0)
FNDA:7,(anonymous_1)
FNDA:5,(anonymous_2)
FNDA:6,(anonymous_3)
FNDA:7,(anonymous_4)
DA:5,1
DA:6,7
DA:8,7
DA:9,7
DA:10,5
DA:11,5
DA:13,4
DA:14,2
DA:15,2
DA:19,7
DA:21,7
DA:22,6
DA:25,7
DA:26,7
LF:14
LH:14
BRDA:13,0,0,2
BRDA:13,0,1,2
BRDA:22,1,0,2
BRDA:22,1,1,4
BRF:4
BRH:4
end_of_record
TN:
SF:drizzle.config.js
FNF:0
FNH:0
DA:2,1
LF:1
LH:1
BRF:0
BRH:0
end_of_record
TN:
SF:metro.config.js
FNF:0
FNH:0
DA:1,1
DA:3,1
DA:4,1
DA:5,1
LF:4
LH:4
BRF:0
BRH:0
end_of_record
TN:
SF:react-native.config.js
FNF:0
FNH:0
DA:1,1
LF:1
LH:1
BRF:0
BRH:0
end_of_record
TN:
SF:drizzle/migrations.js
FNF:0
FNH:0
LF:0
LH:0
BRF:0
BRH:0
end_of_record
TN:
SF:src/components/DrawerNavigation.jsx
FN:10,(anonymous_0)
FN:20,(anonymous_1)
FN:27,(anonymous_2)
FN:34,(anonymous_3)
FNF:4
FNH:4
FNDA:9,(anonymous_0)
FNDA:9,(anonymous_1)
FNDA:9,(anonymous_2)
FNDA:9,(anonymous_3)
DA:5,1
DA:11,9
DA:12,9
DA:14,9
DA:21,9
DA:27,9
DA:34,9
LF:7
LH:7
BRDA:34,0,0,1
BRDA:34,0,1,8
BRF:2
BRH:2
end_of_record
TN:
SF:src/components/ProfilStackNavigation.jsx
FN:11,(anonymous_0)
FN:19,(anonymous_1)
FNF:2
FNH:2
FNDA:6,(anonymous_0)
FNDA:6,(anonymous_1)
DA:5,1
DA:12,6
DA:13,6
DA:20,6
LF:4
LH:4
BRF:0
BRH:0
end_of_record
TN:
SF:src/components/TabBar.jsx
FN:6,TabBar
FN:8,(anonymous_1)
FNF:2
FNH:2
FNDA:4,TabBar
FNDA:1,(anonymous_1)
DA:7,4
DA:8,1
LF:2
LH:2
BRF:0
BRH:0
end_of_record
TN:
SF:src/components/TabNavigation.jsx
FN:16,(anonymous_0)
FN:40,(anonymous_1)
FN:57,(anonymous_2)
FN:58,(anonymous_3)
FN:66,(anonymous_4)
FN:71,(anonymous_5)
FN:89,(anonymous_6)
FN:96,(anonymous_7)
FNF:8
FNH:8
FNDA:8,(anonymous_0)
FNDA:8,(anonymous_1)
FNDA:16,(anonymous_2)
FNDA:16,(anonymous_3)
FNDA:16,(anonymous_4)
FNDA:8,(anonymous_5)
FNDA:8,(anonymous_6)
FNDA:8,(anonymous_7)
DA:13,1
DA:14,1
DA:17,8
DA:41,8
DA:58,16
DA:59,16
DA:66,16
DA:71,1
DA:72,8
DA:86,1
DA:90,8
DA:97,8
LF:12
LH:12
BRDA:26,0,0,7
BRDA:26,0,1,1
BRDA:59,1,0,14
BRDA:59,1,1,2
BRDA:67,2,0,16
BRDA:67,2,1,0
BRDA:68,3,0,16
BRDA:68,3,1,0
BRF:8
BRH:6
end_of_record
TN:
SF:src/db/schema.ts
FNF:0
FNH:0
DA:4,1
LF:1
LH:1
BRF:0
BRH:0
end_of_record
TN:
SF:src/pages/Login.jsx
FN:5,Login
FN:25,(anonymous_1)
FN:29,(anonymous_2)
FN:33,(anonymous_3)
FN:37,(anonymous_4)
FNF:5
FNH:5
FNDA:11,Login
FNDA:2,(anonymous_1)
FNDA:1,(anonymous_2)
FNDA:1,(anonymous_3)
FNDA:1,(anonymous_4)
DA:6,11
DA:7,11
DA:25,2
DA:29,1
DA:33,1
DA:37,1
DA:44,2
LF:7
LH:7
BRF:0
BRH:0
end_of_record
TN:
SF:src/pages/Logout.jsx
FN:7,(anonymous_0)
FN:13,(anonymous_1)
FNF:2
FNH:2
FNDA:1,(anonymous_0)
FNDA:1,(anonymous_1)
DA:8,1
DA:9,1
DA:10,1
DA:14,1
LF:4
LH:4
BRF:0
BRH:0
end_of_record
TN:
SF:src/redux/user/action.js
FN:4,onLogin
FN:10,onGetUsers
FN:14,onLogout
FNF:3
FNH:3
FNDA:2,onLogin
FNDA:2,onGetUsers
FNDA:2,onLogout
DA:5,2
DA:11,2
DA:15,2
LF:3
LH:3
BRF:0
BRH:0
end_of_record
TN:
SF:src/redux/user/constantes.js
FNF:0
FNH:0
LF:0
LH:0
BRF:0
BRH:0
end_of_record
TN:
SF:src/screens/cgu.js
FN:9,Cgu
FN:13,(anonymous_1)
FN:22,(anonymous_2)
FN:26,(anonymous_3)
FN:27,(anonymous_4)
FNF:5
FNH:3
FNDA:10,Cgu
FNDA:0,(anonymous_1)
FNDA:0,(anonymous_2)
FNDA:7,(anonymous_3)
FNDA:7,(anonymous_4)
DA:7,1
DA:10,10
DA:11,10
DA:13,10
DA:14,0
DA:15,0
DA:16,0
DA:18,0
DA:22,10
DA:23,0
DA:26,10
DA:27,7
DA:28,7
DA:29,4
DA:30,1
DA:32,3
DA:36,7
DA:39,10
DA:40,7
DA:47,3
DA:62,1
DA:85,1
LF:22
LH:17
BRDA:29,0,0,1
BRDA:29,0,1,3
BRDA:39,1,0,7
BRDA:39,1,1,3
BRF:4
BRH:4
end_of_record
TN:
SF:src/screens/politique.js
FN:10,Politique
FNF:1
FNH:1
FNDA:5,Politique
DA:8,1
DA:11,5
DA:22,1
DA:35,1
LF:4
LH:4
BRF:0
BRH:0
end_of_record
TN:
SF:src/screens/newScreen/DBSqlite.js
FN:6,(anonymous_0)
FN:7,(anonymous_1)
FN:11,(anonymous_2)
FN:12,(anonymous_3)
FN:17,(anonymous_4)
FN:18,(anonymous_5)
FN:22,(anonymous_6)
FN:23,(anonymous_7)
FNF:8
FNH:6
FNDA:1,(anonymous_0)
FNDA:1,(anonymous_1)
FNDA:1,(anonymous_2)
FNDA:0,(anonymous_3)
FNDA:1,(anonymous_4)
FNDA:1,(anonymous_5)
FNDA:1,(anonymous_6)
FNDA:0,(anonymous_7)
DA:4,1
DA:6,1
DA:7,1
DA:8,1
DA:11,1
DA:12,0
DA:17,1
DA:18,1
DA:19,1
DA:22,1
DA:23,0
LF:11
LH:9
BRF:0
BRH:0
end_of_record
TN:
SF:src/screens/newScreen/DataJourney.js
FN:9,(anonymous_0)
FN:12,(anonymous_1)
FN:24,(anonymous_2)
FN:86,(anonymous_3)
FNF:4
FNH:3
FNDA:13,(anonymous_0)
FNDA:13,(anonymous_1)
FNDA:39,(anonymous_2)
FNDA:0,(anonymous_3)
DA:8,1
DA:9,1
DA:10,13
DA:11,13
DA:12,13
DA:13,13
DA:15,5
DA:17,3
DA:19,3
DA:21,2
DA:24,13
DA:25,39
DA:27,15
DA:29,9
DA:31,9
DA:33,6
DA:37,13
DA:38,13
DA:86,1
DA:87,0
DA:89,0
DA:91,0
DA:93,0
DA:95,0
DA:99,1
LF:25
LH:20
BRDA:13,0,0,5
BRDA:13,0,1,3
BRDA:13,0,2,3
BRDA:13,0,3,2
BRDA:25,1,0,15
BRDA:25,1,1,9
BRDA:25,1,2,9
BRDA:25,1,3,6
BRDA:27,2,0,5
BRDA:27,2,1,10
BRDA:29,3,0,6
BRDA:29,3,1,3
BRDA:29,4,0,9
BRDA:29,4,1,6
BRDA:29,5,0,3
BRDA:29,5,1,3
BRDA:31,6,0,3
BRDA:31,6,1,6
BRDA:31,7,0,3
BRDA:31,7,1,3
BRDA:41,8,0,13
BRDA:41,8,1,12
BRDA:87,9,0,0
BRDA:87,9,1,0
BRDA:87,9,2,0
BRDA:87,9,3,0
BRF:26
BRH:22
end_of_record
TN:
SF:src/screens/newScreen/Gallery.js
FN:9,(anonymous_0)
FN:22,(anonymous_1)
FN:23,(anonymous_2)
FN:28,(anonymous_3)
FN:40,(anonymous_4)
FN:45,(anonymous_5)
FNF:6
FNH:6
FNDA:2,(anonymous_0)
FNDA:8,(anonymous_1)
FNDA:4,(anonymous_2)
FNDA:1,(anonymous_3)
FNDA:5,(anonymous_4)
FNDA:5,(anonymous_5)
DA:6,1
DA:7,1
DA:15,2
DA:22,8
DA:24,4
DA:26,4
DA:28,1
DA:40,1
DA:41,5
DA:42,5
DA:43,5
DA:45,5
DA:46,5
DA:51,5
DA:55,5
DA:59,5
LF:16
LH:16
BRF:0
BRH:0
end_of_record
TN:
SF:src/screens/newScreen/cguText.js
FNF:0
FNH:0
DA:1,1
LF:1
LH:1
BRF:0
BRH:0
end_of_record
TN:
SF:src/shared/Config.js
FN:17,navigationOption
FN:22,(anonymous_1)
FNF:2
FNH:0
FNDA:0,navigationOption
FNDA:0,(anonymous_1)
DA:4,1
DA:5,1
DA:7,1
DA:9,1
DA:18,0
DA:22,0
DA:25,1
LF:7
LH:5
BRDA:5,0,0,1
BRDA:5,0,1,0
BRF:2
BRH:1
end_of_record
TN:
SF:src/shared/Icon.js
FN:5,(anonymous_0)
FNF:1
FNH:1
FNDA:2,(anonymous_0)
DA:6,2
DA:7,2
DA:8,1
DA:10,2
LF:4
LH:4
BRDA:7,0,0,1
BRDA:7,0,1,1
BRF:2
BRH:2
end_of_record
TN:
SF:src/shared/Popup.js
FN:11,(anonymous_0)
FN:17,(anonymous_1)
FN:24,(anonymous_2)
FNF:3
FNH:3
FNDA:1,(anonymous_0)
FNDA:3,(anonymous_1)
FNDA:1,(anonymous_2)
DA:4,1
DA:7,2
DA:12,1
DA:13,1
DA:18,3
DA:25,1
LF:6
LH:6
BRDA:12,0,0,1
BRDA:12,0,1,0
BRF:2
BRH:1
end_of_record
TN:
SF:src/slides/Acceuil.jsx
FN:14,(anonymous_0)
FN:33,(anonymous_1)
FN:40,(anonymous_2)
FN:43,(anonymous_3)
FN:52,(anonymous_4)
FN:53,(anonymous_5)
FN:54,(anonymous_6)
FN:58,(anonymous_7)
FNF:8
FNH:7
FNDA:11,(anonymous_0)
FNDA:12,(anonymous_1)
FNDA:1,(anonymous_2)
FNDA:5,(anonymous_3)
FNDA:0,(anonymous_4)
FNDA:5,(anonymous_5)
FNDA:5,(anonymous_6)
FNDA:1,(anonymous_7)
DA:7,1
DA:9,9
DA:14,9
DA:15,11
DA:16,11
DA:33,9
DA:34,12
DA:40,9
DA:41,1
DA:44,5
DA:52,0
DA:53,5
DA:54,5
DA:58,1
DA:70,1
LF:15
LH:14
BRF:0
BRH:0
end_of_record
TN:
SF:src/slides/Slide1.js
FN:7,(anonymous_0)
FNF:1
FNH:1
FNDA:7,(anonymous_0)
DA:4,2
DA:8,7
LF:2
LH:2
BRF:0
BRH:0
end_of_record
TN:
SF:src/slides/Slide2.js
FN:6,(anonymous_0)
FNF:1
FNH:1
FNDA:6,(anonymous_0)
DA:4,2
DA:7,6
LF:2
LH:2
BRF:0
BRH:0
end_of_record
TN:
SF:src/slides/Slide3.js
FN:6,(anonymous_0)
FN:42,MyImage
FNF:2
FNH:1
FNDA:0,(anonymous_0)
FNDA:13,MyImage
DA:4,3
DA:7,0
DA:43,13
LF:3
LH:2
BRF:0
BRH:0
end_of_record
TN:
SF:src/utils/Constants.js
FNF:0
FNH:0
DA:1,1
DA:7,1
LF:2
LH:2
BRF:0
BRH:0
end_of_record
TN:
SF:src/utils/HeaderLeft.js
FN:8,(anonymous_0)
FN:14,(anonymous_1)
FNF:2
FNH:2
FNDA:3,(anonymous_0)
FNDA:1,(anonymous_1)
DA:8,1
DA:9,3
DA:10,3
DA:11,3
DA:15,1
DA:16,1
DA:17,1
LF:7
LH:7
BRDA:15,0,0,1
BRDA:15,0,1,0
BRF:2
BRH:1
end_of_record
TN:
SF:src/utils/Image.js
FN:3,pickImage
FN:26,getCameraPermission
FNF:2
FNH:2
FNDA:6,pickImage
FNDA:6,getCameraPermission
DA:4,6
DA:6,6
DA:7,5
DA:8,4
DA:14,3
DA:15,1
DA:16,1
DA:17,1
DA:20,1
DA:23,3
DA:27,6
DA:28,5
LF:12
LH:12
BRDA:7,0,0,4
BRDA:7,0,1,1
BRDA:14,1,0,1
BRDA:14,1,1,2
BRDA:14,2,0,3
BRDA:14,2,1,2
BRF:6
BRH:6
end_of_record
TN:
SF:src/utils/NotificationSystem.js
FN:4,(anonymous_0)
FN:14,(anonymous_1)
FN:15,(anonymous_2)
FN:21,(anonymous_3)
FN:22,(anonymous_4)
FNF:5
FNH:5
FNDA:2,(anonymous_0)
FNDA:1,(anonymous_1)
FNDA:1,(anonymous_2)
FNDA:1,(anonymous_3)
FNDA:1,(anonymous_4)
DA:4,1
DA:5,2
DA:6,2
DA:7,1
DA:8,1
DA:10,1
DA:14,1
DA:15,1
DA:16,1
DA:21,1
DA:22,1
DA:23,1
LF:12
LH:12
BRDA:6,0,0,1
BRDA:6,0,1,1
BRF:2
BRH:2
end_of_record
TN:
SF:src/utils/ToastUtils.js
FN:26,(anonymous_0)
FNF:1
FNH:1
FNDA:3,(anonymous_0)
DA:26,1
DA:27,3
DA:81,3
DA:82,1
DA:87,2
DA:88,1
DA:96,1
LF:7
LH:7
BRDA:81,0,0,1
BRDA:81,0,1,2
BRDA:87,1,0,1
BRDA:87,1,1,1
BRF:4
BRH:4
end_of_record
TN:
SF:src/utils/backgroundTask.js
FN:10,(anonymous_0)
FN:20,(anonymous_1)
FN:35,(anonymous_2)
FNF:3
FNH:2
FNDA:4,(anonymous_0)
FNDA:0,(anonymous_1)
FNDA:3,(anonymous_2)
DA:7,1
DA:10,1
DA:11,4
DA:12,4
DA:13,3
DA:15,2
DA:17,2
DA:19,2
DA:20,3
DA:22,1
DA:27,2
DA:29,2
DA:30,2
DA:35,1
DA:36,3
DA:37,3
DA:42,2
DA:44,1
LF:18
LH:18
BRDA:13,0,0,2
BRDA:13,0,1,1
BRDA:17,1,0,2
BRDA:17,1,1,0
BRF:4
BRH:3
end_of_record
